{"C:\\ecommerce-fullstack\\frontend\\src\\App.tsx": {"path":"C:\\ecommerce-fullstack\\frontend\\src\\App.tsx","statementMap":{"0":{"start":{"line":1,"column":1},"end":{"line":1,"column":41}},"1":{"start":{"line":2,"column":0},"end":{"line":2,"column":74}},"2":{"start":{"line":3,"column":0},"end":{"line":3,"column":42}},"3":{"start":{"line":4,"column":0},"end":{"line":4,"column":54}},"4":{"start":{"line":5,"column":0},"end":{"line":5,"column":60}},"5":{"start":{"line":6,"column":0},"end":{"line":6,"column":54}},"6":{"start":{"line":7,"column":0},"end":{"line":7,"column":48}},"7":{"start":{"line":8,"column":0},"end":{"line":8,"column":50}},"8":{"start":{"line":9,"column":0},"end":{"line":9,"column":44}},"9":{"start":{"line":10,"column":0},"end":{"line":10,"column":50}},"10":{"start":{"line":11,"column":0},"end":{"line":11,"column":60}},"11":{"start":{"line":12,"column":0},"end":{"line":12,"column":60}},"12":{"start":{"line":13,"column":0},"end":{"line":13,"column":66}},"13":{"start":{"line":14,"column":0},"end":{"line":14,"column":58}},"14":{"start":{"line":15,"column":0},"end":{"line":15,"column":42}},"15":{"start":{"line":16,"column":0},"end":{"line":16,"column":19}},"16":{"start":{"line":19,"column":38},"end":{"line":19,"column":53}},"17":{"start":{"line":21,"column":2},"end":{"line":64,"column":4}},"18":{"start":{"line":26,"column":39},"end":{"line":26,"column":58}},"19":{"start":{"line":59,"column":53},"end":{"line":59,"column":73}},"20":{"start":{"line":67,"column":0},"end":{"line":67,"column":19}}},"fnMap":{"0":{"name":"App","decl":{"start":{"line":18,"column":9},"end":{"line":18,"column":12}},"loc":{"start":{"line":18,"column":12},"end":{"line":65,"column":1}}},"1":{"name":"(anonymous_11)","decl":{"start":{"line":26,"column":33},"end":{"line":26,"column":36}},"loc":{"start":{"line":26,"column":39},"end":{"line":26,"column":58}}},"2":{"name":"(anonymous_12)","decl":{"start":{"line":59,"column":47},"end":{"line":59,"column":50}},"loc":{"start":{"line":59,"column":53},"end":{"line":59,"column":73}}}},"branchMap":{},"s":{"0":0,"1":0,"2":0,"3":0,"4":0,"5":0,"6":0,"7":0,"8":0,"9":0,"10":0,"11":0,"12":0,"13":0,"14":0,"15":0,"16":0,"17":0,"18":0,"19":0,"20":0},"f":{"0":0,"1":0,"2":0},"b":{}}
,"C:\\ecommerce-fullstack\\frontend\\src\\components\\Auth\\Login.tsx": {"path":"C:\\ecommerce-fullstack\\frontend\\src\\components\\Auth\\Login.tsx","statementMap":{"0":{"start":{"line":1,"column":1},"end":{"line":1,"column":41}},"1":{"start":{"line":2,"column":0},"end":{"line":2,"column":53}},"2":{"start":{"line":3,"column":0},"end":{"line":3,"column":53}},"3":{"start":{"line":5,"column":24},"end":{"line":86,"column":1}},"4":{"start":{"line":6,"column":34},"end":{"line":6,"column":46}},"5":{"start":{"line":7,"column":34},"end":{"line":7,"column":46}},"6":{"start":{"line":8,"column":32},"end":{"line":8,"column":47}},"7":{"start":{"line":9,"column":20},"end":{"line":9,"column":29}},"8":{"start":{"line":10,"column":19},"end":{"line":10,"column":32}},"9":{"start":{"line":12,"column":23},"end":{"line":23,"column":3}},"10":{"start":{"line":13,"column":4},"end":{"line":13,"column":23}},"11":{"start":{"line":14,"column":4},"end":{"line":14,"column":21}},"12":{"start":{"line":15,"column":4},"end":{"line":22,"column":5}},"13":{"start":{"line":16,"column":6},"end":{"line":16,"column":42}},"14":{"start":{"line":17,"column":6},"end":{"line":17,"column":28}},"15":{"start":{"line":21,"column":6},"end":{"line":21,"column":24}},"16":{"start":{"line":25,"column":2},"end":{"line":85,"column":4}},"17":{"start":{"line":53,"column":33},"end":{"line":53,"column":60}},"18":{"start":{"line":68,"column":33},"end":{"line":68,"column":60}},"19":{"start":{"line":88,"column":0},"end":{"line":88,"column":21}}},"fnMap":{"0":{"name":"(anonymous_9)","decl":{"start":{"line":5,"column":24},"end":{"line":5,"column":27}},"loc":{"start":{"line":5,"column":29},"end":{"line":86,"column":1}}},"1":{"name":"(anonymous_10)","decl":{"start":{"line":12,"column":23},"end":{"line":12,"column":28}},"loc":{"start":{"line":12,"column":52},"end":{"line":23,"column":3}}},"2":{"name":"(anonymous_11)","decl":{"start":{"line":53,"column":26},"end":{"line":53,"column":27}},"loc":{"start":{"line":53,"column":33},"end":{"line":53,"column":60}}},"3":{"name":"(anonymous_12)","decl":{"start":{"line":68,"column":26},"end":{"line":68,"column":27}},"loc":{"start":{"line":68,"column":33},"end":{"line":68,"column":60}}}},"branchMap":{"0":{"loc":{"start":{"line":79,"column":15},"end":{"line":79,"column":49}},"type":"cond-expr","locations":[{"start":{"line":79,"column":25},"end":{"line":79,"column":38}},{"start":{"line":79,"column":41},"end":{"line":79,"column":49}}]}},"s":{"0":1,"1":1,"2":1,"3":1,"4":163,"5":163,"6":163,"7":163,"8":163,"9":163,"10":6,"11":6,"12":6,"13":6,"14":4,"15":6,"16":163,"17":57,"18":72,"19":1},"f":{"0":163,"1":6,"2":57,"3":72},"b":{"0":[6,157]}}
,"C:\\ecommerce-fullstack\\frontend\\src\\components\\Auth\\PrivateRoute.tsx": {"path":"C:\\ecommerce-fullstack\\frontend\\src\\components\\Auth\\PrivateRoute.tsx","statementMap":{"0":{"start":{"line":1,"column":1},"end":{"line":1,"column":27}},"1":{"start":{"line":2,"column":0},"end":{"line":2,"column":44}},"2":{"start":{"line":3,"column":0},"end":{"line":3,"column":53}},"3":{"start":{"line":4,"column":0},"end":{"line":4,"column":40}},"4":{"start":{"line":11,"column":50},"end":{"line":27,"column":1}},"5":{"start":{"line":12,"column":37},"end":{"line":12,"column":46}},"6":{"start":{"line":14,"column":2},"end":{"line":16,"column":3}},"7":{"start":{"line":15,"column":4},"end":{"line":15,"column":23}},"8":{"start":{"line":18,"column":2},"end":{"line":20,"column":3}},"9":{"start":{"line":19,"column":4},"end":{"line":19,"column":36}},"10":{"start":{"line":22,"column":2},"end":{"line":24,"column":3}},"11":{"start":{"line":23,"column":4},"end":{"line":23,"column":39}},"12":{"start":{"line":26,"column":2},"end":{"line":26,"column":25}},"13":{"start":{"line":29,"column":0},"end":{"line":29,"column":28}}},"fnMap":{"0":{"name":"(anonymous_1)","decl":{"start":{"line":11,"column":50},"end":{"line":11,"column":51}},"loc":{"start":{"line":11,"column":89},"end":{"line":27,"column":1}}}},"branchMap":{"0":{"loc":{"start":{"line":11,"column":63},"end":{"line":11,"column":83}},"type":"default-arg","locations":[{"start":{"line":11,"column":78},"end":{"line":11,"column":83}}]},"1":{"loc":{"start":{"line":14,"column":2},"end":{"line":16,"column":3}},"type":"if","locations":[{"start":{"line":14,"column":2},"end":{"line":16,"column":3}},{"start":{},"end":{}}]},"2":{"loc":{"start":{"line":18,"column":2},"end":{"line":20,"column":3}},"type":"if","locations":[{"start":{"line":18,"column":2},"end":{"line":20,"column":3}},{"start":{},"end":{}}]},"3":{"loc":{"start":{"line":22,"column":2},"end":{"line":24,"column":3}},"type":"if","locations":[{"start":{"line":22,"column":2},"end":{"line":24,"column":3}},{"start":{},"end":{}}]},"4":{"loc":{"start":{"line":22,"column":6},"end":{"line":22,"column":30}},"type":"binary-expr","locations":[{"start":{"line":22,"column":6},"end":{"line":22,"column":18}},{"start":{"line":22,"column":22},"end":{"line":22,"column":30}}]}},"s":{"0":0,"1":0,"2":0,"3":0,"4":0,"5":0,"6":0,"7":0,"8":0,"9":0,"10":0,"11":0,"12":0,"13":0},"f":{"0":0},"b":{"0":[0],"1":[0,0],"2":[0,0],"3":[0,0],"4":[0,0]}}
,"C:\\ecommerce-fullstack\\frontend\\src\\components\\Auth\\Register.tsx": {"path":"C:\\ecommerce-fullstack\\frontend\\src\\components\\Auth\\Register.tsx","statementMap":{"0":{"start":{"line":1,"column":1},"end":{"line":1,"column":41}},"1":{"start":{"line":2,"column":0},"end":{"line":2,"column":53}},"2":{"start":{"line":3,"column":0},"end":{"line":3,"column":53}},"3":{"start":{"line":5,"column":27},"end":{"line":121,"column":1}},"4":{"start":{"line":6,"column":34},"end":{"line":11,"column":4}},"5":{"start":{"line":12,"column":32},"end":{"line":12,"column":47}},"6":{"start":{"line":13,"column":23},"end":{"line":13,"column":32}},"7":{"start":{"line":14,"column":19},"end":{"line":14,"column":32}},"8":{"start":{"line":16,"column":23},"end":{"line":21,"column":3}},"9":{"start":{"line":17,"column":4},"end":{"line":20,"column":7}},"10":{"start":{"line":23,"column":23},"end":{"line":44,"column":3}},"11":{"start":{"line":24,"column":4},"end":{"line":24,"column":23}},"12":{"start":{"line":26,"column":4},"end":{"line":29,"column":5}},"13":{"start":{"line":27,"column":6},"end":{"line":27,"column":39}},"14":{"start":{"line":28,"column":6},"end":{"line":28,"column":13}},"15":{"start":{"line":31,"column":4},"end":{"line":31,"column":21}},"16":{"start":{"line":32,"column":4},"end":{"line":43,"column":5}},"17":{"start":{"line":33,"column":6},"end":{"line":37,"column":9}},"18":{"start":{"line":38,"column":6},"end":{"line":38,"column":25}},"19":{"start":{"line":42,"column":6},"end":{"line":42,"column":24}},"20":{"start":{"line":46,"column":2},"end":{"line":120,"column":4}},"21":{"start":{"line":123,"column":0},"end":{"line":123,"column":24}}},"fnMap":{"0":{"name":"(anonymous_9)","decl":{"start":{"line":5,"column":27},"end":{"line":5,"column":30}},"loc":{"start":{"line":5,"column":32},"end":{"line":121,"column":1}}},"1":{"name":"(anonymous_10)","decl":{"start":{"line":16,"column":23},"end":{"line":16,"column":24}},"loc":{"start":{"line":16,"column":66},"end":{"line":21,"column":3}}},"2":{"name":"(anonymous_11)","decl":{"start":{"line":23,"column":23},"end":{"line":23,"column":28}},"loc":{"start":{"line":23,"column":52},"end":{"line":44,"column":3}}}},"branchMap":{"0":{"loc":{"start":{"line":26,"column":4},"end":{"line":29,"column":5}},"type":"if","locations":[{"start":{"line":26,"column":4},"end":{"line":29,"column":5}},{"start":{},"end":{}}]},"1":{"loc":{"start":{"line":114,"column":15},"end":{"line":114,"column":55}},"type":"cond-expr","locations":[{"start":{"line":114,"column":25},"end":{"line":114,"column":41}},{"start":{"line":114,"column":44},"end":{"line":114,"column":55}}]}},"s":{"0":0,"1":0,"2":0,"3":0,"4":0,"5":0,"6":0,"7":0,"8":0,"9":0,"10":0,"11":0,"12":0,"13":0,"14":0,"15":0,"16":0,"17":0,"18":0,"19":0,"20":0,"21":0},"f":{"0":0,"1":0,"2":0},"b":{"0":[0,0],"1":[0,0]}}
,"C:\\ecommerce-fullstack\\frontend\\src\\components\\Cart\\Cart.tsx": {"path":"C:\\ecommerce-fullstack\\frontend\\src\\components\\Cart\\Cart.tsx","statementMap":{"0":{"start":{"line":1,"column":0},"end":{"line":1,"column":26}},"1":{"start":{"line":2,"column":0},"end":{"line":2,"column":53}},"2":{"start":{"line":3,"column":0},"end":{"line":3,"column":34}},"3":{"start":{"line":4,"column":0},"end":{"line":4,"column":54}},"4":{"start":{"line":11,"column":34},"end":{"line":80,"column":1}},"5":{"start":{"line":12,"column":46},"end":{"line":12,"column":55}},"6":{"start":{"line":14,"column":2},"end":{"line":14,"column":27}},"7":{"start":{"line":14,"column":15},"end":{"line":14,"column":27}},"8":{"start":{"line":16,"column":16},"end":{"line":16,"column":31}},"9":{"start":{"line":18,"column":2},"end":{"line":79,"column":4}},"10":{"start":{"line":53,"column":16},"end":{"line":53,"column":40}},"11":{"start":{"line":82,"column":0},"end":{"line":82,"column":20}}},"fnMap":{"0":{"name":"(anonymous_1)","decl":{"start":{"line":11,"column":34},"end":{"line":11,"column":35}},"loc":{"start":{"line":11,"column":58},"end":{"line":80,"column":1}}},"1":{"name":"(anonymous_2)","decl":{"start":{"line":52,"column":25},"end":{"line":52,"column":29}},"loc":{"start":{"line":53,"column":16},"end":{"line":53,"column":40}}}},"branchMap":{"0":{"loc":{"start":{"line":14,"column":2},"end":{"line":14,"column":27}},"type":"if","locations":[{"start":{"line":14,"column":2},"end":{"line":14,"column":27}},{"start":{},"end":{}}]},"1":{"loc":{"start":{"line":43,"column":11},"end":{"line":74,"column":null}},"type":"cond-expr","locations":[{"start":{"line":44,"column":12},"end":{"line":48,"column":null}},{"start":{"line":51,"column":12},"end":{"line":73,"column":null}}]}},"s":{"0":0,"1":0,"2":0,"3":0,"4":0,"5":0,"6":0,"7":0,"8":0,"9":0,"10":0,"11":0},"f":{"0":0,"1":0},"b":{"0":[0,0],"1":[0,0]}}
,"C:\\ecommerce-fullstack\\frontend\\src\\components\\Cart\\CartIcon.tsx": {"path":"C:\\ecommerce-fullstack\\frontend\\src\\components\\Cart\\CartIcon.tsx","statementMap":{"0":{"start":{"line":1,"column":0},"end":{"line":1,"column":26}},"1":{"start":{"line":2,"column":0},"end":{"line":2,"column":53}},"2":{"start":{"line":8,"column":42},"end":{"line":26,"column":1}},"3":{"start":{"line":9,"column":28},"end":{"line":9,"column":37}},"4":{"start":{"line":10,"column":20},"end":{"line":10,"column":35}},"5":{"start":{"line":12,"column":2},"end":{"line":25,"column":4}},"6":{"start":{"line":28,"column":0},"end":{"line":28,"column":24}}},"fnMap":{"0":{"name":"(anonymous_1)","decl":{"start":{"line":8,"column":42},"end":{"line":8,"column":43}},"loc":{"start":{"line":8,"column":58},"end":{"line":26,"column":1}}}},"branchMap":{"0":{"loc":{"start":{"line":19,"column":7},"end":{"line":22,"column":null}},"type":"binary-expr","locations":[{"start":{"line":19,"column":7},"end":{"line":19,"column":20}},{"start":{"line":20,"column":8},"end":{"line":21,"column":null}}]}},"s":{"0":0,"1":0,"2":0,"3":0,"4":0,"5":0,"6":0},"f":{"0":0},"b":{"0":[0,0]}}
,"C:\\ecommerce-fullstack\\frontend\\src\\components\\Cart\\CartItem.tsx": {"path":"C:\\ecommerce-fullstack\\frontend\\src\\components\\Cart\\CartItem.tsx","statementMap":{"0":{"start":{"line":1,"column":0},"end":{"line":1,"column":26}},"1":{"start":{"line":3,"column":0},"end":{"line":3,"column":53}},"2":{"start":{"line":9,"column":42},"end":{"line":65,"column":1}},"3":{"start":{"line":10,"column":45},"end":{"line":10,"column":54}},"4":{"start":{"line":12,"column":2},"end":{"line":64,"column":4}},"5":{"start":{"line":37,"column":29},"end":{"line":37,"column":71}},"6":{"start":{"line":44,"column":29},"end":{"line":44,"column":71}},"7":{"start":{"line":52,"column":27},"end":{"line":52,"column":50}},"8":{"start":{"line":67,"column":0},"end":{"line":67,"column":24}}},"fnMap":{"0":{"name":"(anonymous_1)","decl":{"start":{"line":9,"column":42},"end":{"line":9,"column":43}},"loc":{"start":{"line":9,"column":55},"end":{"line":65,"column":1}}},"1":{"name":"(anonymous_2)","decl":{"start":{"line":37,"column":23},"end":{"line":37,"column":26}},"loc":{"start":{"line":37,"column":29},"end":{"line":37,"column":71}}},"2":{"name":"(anonymous_3)","decl":{"start":{"line":44,"column":23},"end":{"line":44,"column":26}},"loc":{"start":{"line":44,"column":29},"end":{"line":44,"column":71}}},"3":{"name":"(anonymous_4)","decl":{"start":{"line":52,"column":21},"end":{"line":52,"column":24}},"loc":{"start":{"line":52,"column":27},"end":{"line":52,"column":50}}}},"branchMap":{"0":{"loc":{"start":{"line":15,"column":9},"end":{"line":26,"column":null}},"type":"cond-expr","locations":[{"start":{"line":16,"column":10},"end":{"line":19,"column":null}},{"start":{"line":22,"column":10},"end":{"line":25,"column":null}}]}},"s":{"0":0,"1":0,"2":0,"3":0,"4":0,"5":0,"6":0,"7":0,"8":0},"f":{"0":0,"1":0,"2":0,"3":0},"b":{"0":[0,0]}}
,"C:\\ecommerce-fullstack\\frontend\\src\\components\\Common\\ErrorMessage.tsx": {"path":"C:\\ecommerce-fullstack\\frontend\\src\\components\\Common\\ErrorMessage.tsx","statementMap":{"0":{"start":{"line":1,"column":0},"end":{"line":1,"column":26}},"1":{"start":{"line":8,"column":50},"end":{"line":25,"column":1}},"2":{"start":{"line":9,"column":2},"end":{"line":24,"column":4}},"3":{"start":{"line":27,"column":0},"end":{"line":27,"column":28}}},"fnMap":{"0":{"name":"(anonymous_1)","decl":{"start":{"line":8,"column":50},"end":{"line":8,"column":51}},"loc":{"start":{"line":8,"column":75},"end":{"line":25,"column":1}}}},"branchMap":{"0":{"loc":{"start":{"line":15,"column":7},"end":{"line":21,"column":null}},"type":"binary-expr","locations":[{"start":{"line":15,"column":7},"end":{"line":15,"column":14}},{"start":{"line":16,"column":8},"end":{"line":18,"column":null}}]}},"s":{"0":0,"1":0,"2":0,"3":0},"f":{"0":0},"b":{"0":[0,0]}}
,"C:\\ecommerce-fullstack\\frontend\\src\\components\\Common\\Loading.tsx": {"path":"C:\\ecommerce-fullstack\\frontend\\src\\components\\Common\\Loading.tsx","statementMap":{"0":{"start":{"line":1,"column":0},"end":{"line":1,"column":26}},"1":{"start":{"line":3,"column":26},"end":{"line":9,"column":1}},"2":{"start":{"line":4,"column":2},"end":{"line":8,"column":4}},"3":{"start":{"line":11,"column":0},"end":{"line":11,"column":23}}},"fnMap":{"0":{"name":"(anonymous_1)","decl":{"start":{"line":3,"column":26},"end":{"line":3,"column":29}},"loc":{"start":{"line":3,"column":31},"end":{"line":9,"column":1}}}},"branchMap":{},"s":{"0":0,"1":0,"2":0,"3":0},"f":{"0":0},"b":{}}
,"C:\\ecommerce-fullstack\\frontend\\src\\components\\Common\\OptimizedImage.tsx": {"path":"C:\\ecommerce-fullstack\\frontend\\src\\components\\Common\\OptimizedImage.tsx","statementMap":{"0":{"start":{"line":1,"column":0},"end":{"line":1,"column":40}},"1":{"start":{"line":12,"column":54},"end":{"line":73,"column":1}},"2":{"start":{"line":20,"column":28},"end":{"line":20,"column":43}},"3":{"start":{"line":21,"column":32},"end":{"line":21,"column":46}},"4":{"start":{"line":24,"column":22},"end":{"line":37,"column":3}},"5":{"start":{"line":25,"column":4},"end":{"line":25,"column":35}},"6":{"start":{"line":25,"column":23},"end":{"line":25,"column":35}},"7":{"start":{"line":27,"column":14},"end":{"line":27,"column":17}},"8":{"start":{"line":28,"column":4},"end":{"line":34,"column":5}},"9":{"start":{"line":29,"column":19},"end":{"line":29,"column":38}},"10":{"start":{"line":30,"column":6},"end":{"line":30,"column":46}},"11":{"start":{"line":31,"column":11},"end":{"line":34,"column":5}},"12":{"start":{"line":32,"column":19},"end":{"line":32,"column":39}},"13":{"start":{"line":33,"column":6},"end":{"line":33,"column":46}},"14":{"start":{"line":36,"column":4},"end":{"line":36,"column":15}},"15":{"start":{"line":39,"column":19},"end":{"line":39,"column":32}},"16":{"start":{"line":41,"column":2},"end":{"line":72,"column":4}},"17":{"start":{"line":58,"column":24},"end":{"line":58,"column":41}},"18":{"start":{"line":60,"column":12},"end":{"line":60,"column":27}},"19":{"start":{"line":61,"column":12},"end":{"line":61,"column":30}},"20":{"start":{"line":75,"column":0},"end":{"line":75,"column":30}}},"fnMap":{"0":{"name":"(anonymous_9)","decl":{"start":{"line":12,"column":54},"end":{"line":12,"column":55}},"loc":{"start":{"line":19,"column":5},"end":{"line":73,"column":1}}},"1":{"name":"(anonymous_10)","decl":{"start":{"line":24,"column":22},"end":{"line":24,"column":25}},"loc":{"start":{"line":24,"column":27},"end":{"line":37,"column":3}}},"2":{"name":"(anonymous_11)","decl":{"start":{"line":58,"column":18},"end":{"line":58,"column":21}},"loc":{"start":{"line":58,"column":24},"end":{"line":58,"column":41}}},"3":{"name":"(anonymous_12)","decl":{"start":{"line":59,"column":19},"end":{"line":59,"column":22}},"loc":{"start":{"line":59,"column":24},"end":{"line":62,"column":11}}}},"branchMap":{"0":{"loc":{"start":{"line":15,"column":2},"end":{"line":15,"column":16}},"type":"default-arg","locations":[{"start":{"line":15,"column":14},"end":{"line":15,"column":16}}]},"1":{"loc":{"start":{"line":18,"column":2},"end":{"line":18,"column":23}},"type":"default-arg","locations":[{"start":{"line":18,"column":14},"end":{"line":18,"column":23}}]},"2":{"loc":{"start":{"line":25,"column":4},"end":{"line":25,"column":35}},"type":"if","locations":[{"start":{"line":25,"column":4},"end":{"line":25,"column":35}},{"start":{},"end":{}}]},"3":{"loc":{"start":{"line":25,"column":8},"end":{"line":25,"column":21}},"type":"binary-expr","locations":[{"start":{"line":25,"column":8},"end":{"line":25,"column":12}},{"start":{"line":25,"column":16},"end":{"line":25,"column":21}}]},"4":{"loc":{"start":{"line":28,"column":4},"end":{"line":34,"column":5}},"type":"if","locations":[{"start":{"line":28,"column":4},"end":{"line":34,"column":5}},{"start":{"line":31,"column":11},"end":{"line":34,"column":5}}]},"5":{"loc":{"start":{"line":31,"column":11},"end":{"line":34,"column":5}},"type":"if","locations":[{"start":{"line":31,"column":11},"end":{"line":34,"column":5}},{"start":{},"end":{}}]},"6":{"loc":{"start":{"line":31,"column":15},"end":{"line":31,"column":73}},"type":"binary-expr","locations":[{"start":{"line":31,"column":15},"end":{"line":31,"column":41}},{"start":{"line":31,"column":45},"end":{"line":31,"column":73}}]},"7":{"loc":{"start":{"line":44,"column":22},"end":{"line":44,"column":51}},"type":"cond-expr","locations":[{"start":{"line":44,"column":30},"end":{"line":44,"column":42}},{"start":{"line":44,"column":45},"end":{"line":44,"column":51}}]},"8":{"loc":{"start":{"line":44,"column":61},"end":{"line":44,"column":92}},"type":"cond-expr","locations":[{"start":{"line":44,"column":70},"end":{"line":44,"column":83}},{"start":{"line":44,"column":86},"end":{"line":44,"column":92}}]},"9":{"loc":{"start":{"line":46,"column":7},"end":{"line":49,"column":null}},"type":"binary-expr","locations":[{"start":{"line":46,"column":7},"end":{"line":46,"column":14}},{"start":{"line":47,"column":8},"end":{"line":48,"column":null}}]},"10":{"loc":{"start":{"line":52,"column":7},"end":{"line":69,"column":null}},"type":"cond-expr","locations":[{"start":{"line":53,"column":8},"end":{"line":62,"column":null}},{"start":{"line":65,"column":8},"end":{"line":68,"column":null}}]},"11":{"loc":{"start":{"line":56,"column":70},"end":{"line":56,"column":107}},"type":"cond-expr","locations":[{"start":{"line":56,"column":80},"end":{"line":56,"column":91}},{"start":{"line":56,"column":94},"end":{"line":56,"column":107}}]}},"s":{"0":0,"1":0,"2":0,"3":0,"4":0,"5":0,"6":0,"7":0,"8":0,"9":0,"10":0,"11":0,"12":0,"13":0,"14":0,"15":0,"16":0,"17":0,"18":0,"19":0,"20":0},"f":{"0":0,"1":0,"2":0,"3":0},"b":{"0":[0],"1":[0],"2":[0,0],"3":[0,0],"4":[0,0],"5":[0,0],"6":[0,0],"7":[0,0],"8":[0,0],"9":[0,0],"10":[0,0],"11":[0,0]}}
,"C:\\ecommerce-fullstack\\frontend\\src\\components\\Common\\WhatsAppButton.tsx": {"path":"C:\\ecommerce-fullstack\\frontend\\src\\components\\Common\\WhatsAppButton.tsx","statementMap":{"0":{"start":{"line":1,"column":0},"end":{"line":1,"column":26}},"1":{"start":{"line":2,"column":0},"end":{"line":2,"column":53}},"2":{"start":{"line":9,"column":54},"end":{"line":64,"column":1}},"3":{"start":{"line":10,"column":55},"end":{"line":10,"column":64}},"4":{"start":{"line":12,"column":25},"end":{"line":12,"column":80}},"5":{"start":{"line":14,"column":21},"end":{"line":22,"column":3}},"6":{"start":{"line":15,"column":4},"end":{"line":21,"column":5}},"7":{"start":{"line":17,"column":6},"end":{"line":17,"column":146}},"8":{"start":{"line":20,"column":6},"end":{"line":20,"column":34}},"9":{"start":{"line":24,"column":30},"end":{"line":28,"column":3}},"10":{"start":{"line":25,"column":20},"end":{"line":25,"column":52}},"11":{"start":{"line":26,"column":16},"end":{"line":26,"column":65}},"12":{"start":{"line":27,"column":4},"end":{"line":27,"column":31}},"13":{"start":{"line":30,"column":19},"end":{"line":30,"column":38}},"14":{"start":{"line":32,"column":2},"end":{"line":45,"column":3}},"15":{"start":{"line":34,"column":4},"end":{"line":44,"column":6}},"16":{"start":{"line":48,"column":2},"end":{"line":63,"column":4}},"17":{"start":{"line":66,"column":0},"end":{"line":66,"column":30}}},"fnMap":{"0":{"name":"(anonymous_1)","decl":{"start":{"line":9,"column":54},"end":{"line":9,"column":55}},"loc":{"start":{"line":9,"column":85},"end":{"line":64,"column":1}}},"1":{"name":"(anonymous_2)","decl":{"start":{"line":14,"column":21},"end":{"line":14,"column":24}},"loc":{"start":{"line":14,"column":26},"end":{"line":22,"column":3}}},"2":{"name":"(anonymous_3)","decl":{"start":{"line":24,"column":30},"end":{"line":24,"column":33}},"loc":{"start":{"line":24,"column":35},"end":{"line":28,"column":3}}}},"branchMap":{"0":{"loc":{"start":{"line":12,"column":25},"end":{"line":12,"column":80}},"type":"binary-expr","locations":[{"start":{"line":12,"column":25},"end":{"line":12,"column":61}},{"start":{"line":12,"column":65},"end":{"line":12,"column":80}}]},"1":{"loc":{"start":{"line":15,"column":4},"end":{"line":21,"column":5}},"type":"if","locations":[{"start":{"line":15,"column":4},"end":{"line":21,"column":5}},{"start":{"line":18,"column":11},"end":{"line":21,"column":5}}]},"2":{"loc":{"start":{"line":32,"column":2},"end":{"line":45,"column":3}},"type":"if","locations":[{"start":{"line":32,"column":2},"end":{"line":45,"column":3}},{"start":{},"end":{}}]},"3":{"loc":{"start":{"line":53,"column":8},"end":{"line":55,"column":null}},"type":"cond-expr","locations":[{"start":{"line":54,"column":12},"end":{"line":54,"column":56}},{"start":{"line":55,"column":12},"end":{"line":55,"column":null}}]}},"s":{"0":0,"1":0,"2":0,"3":0,"4":0,"5":0,"6":0,"7":0,"8":0,"9":0,"10":0,"11":0,"12":0,"13":0,"14":0,"15":0,"16":0,"17":0},"f":{"0":0,"1":0,"2":0},"b":{"0":[0,0],"1":[0,0],"2":[0,0],"3":[0,0]}}
,"C:\\ecommerce-fullstack\\frontend\\src\\components\\Home\\HomePage.tsx": {"path":"C:\\ecommerce-fullstack\\frontend\\src\\components\\Home\\HomePage.tsx","statementMap":{"0":{"start":{"line":1,"column":0},"end":{"line":1,"column":41}},"1":{"start":{"line":2,"column":0},"end":{"line":2,"column":40}},"2":{"start":{"line":3,"column":0},"end":{"line":3,"column":60}},"3":{"start":{"line":4,"column":0},"end":{"line":4,"column":50}},"4":{"start":{"line":6,"column":27},"end":{"line":93,"column":1}},"5":{"start":{"line":7,"column":47},"end":{"line":7,"column":60}},"6":{"start":{"line":8,"column":27},"end":{"line":8,"column":47}},"7":{"start":{"line":10,"column":2},"end":{"line":12,"column":9}},"8":{"start":{"line":11,"column":4},"end":{"line":11,"column":20}},"9":{"start":{"line":14,"column":2},"end":{"line":92,"column":4}},"10":{"start":{"line":58,"column":16},"end":{"line":58,"column":46}},"11":{"start":{"line":95,"column":0},"end":{"line":95,"column":24}}},"fnMap":{"0":{"name":"(anonymous_10)","decl":{"start":{"line":6,"column":27},"end":{"line":6,"column":30}},"loc":{"start":{"line":6,"column":32},"end":{"line":93,"column":1}}},"1":{"name":"(anonymous_11)","decl":{"start":{"line":10,"column":12},"end":{"line":10,"column":15}},"loc":{"start":{"line":10,"column":17},"end":{"line":12,"column":3}}},"2":{"name":"(anonymous_12)","decl":{"start":{"line":57,"column":36},"end":{"line":57,"column":37}},"loc":{"start":{"line":58,"column":16},"end":{"line":58,"column":46}}}},"branchMap":{"0":{"loc":{"start":{"line":53,"column":11},"end":{"line":60,"column":null}},"type":"cond-expr","locations":[{"start":{"line":54,"column":12},"end":{"line":54,"column":60}},{"start":{"line":56,"column":12},"end":{"line":59,"column":null}}]}},"s":{"0":0,"1":0,"2":0,"3":0,"4":0,"5":0,"6":0,"7":0,"8":0,"9":0,"10":0,"11":0},"f":{"0":0,"1":0,"2":0},"b":{"0":[0,0]}}
,"C:\\ecommerce-fullstack\\frontend\\src\\components\\Layout\\Footer.tsx": {"path":"C:\\ecommerce-fullstack\\frontend\\src\\components\\Layout\\Footer.tsx","statementMap":{"0":{"start":{"line":1,"column":0},"end":{"line":1,"column":26}},"1":{"start":{"line":3,"column":25},"end":{"line":37,"column":1}},"2":{"start":{"line":4,"column":2},"end":{"line":36,"column":4}},"3":{"start":{"line":39,"column":0},"end":{"line":39,"column":22}}},"fnMap":{"0":{"name":"(anonymous_1)","decl":{"start":{"line":3,"column":25},"end":{"line":3,"column":28}},"loc":{"start":{"line":3,"column":30},"end":{"line":37,"column":1}}}},"branchMap":{},"s":{"0":0,"1":0,"2":0,"3":0},"f":{"0":0},"b":{}}
,"C:\\ecommerce-fullstack\\frontend\\src\\components\\Layout\\Header.tsx": {"path":"C:\\ecommerce-fullstack\\frontend\\src\\components\\Layout\\Header.tsx","statementMap":{"0":{"start":{"line":1,"column":1},"end":{"line":1,"column":27}},"1":{"start":{"line":2,"column":0},"end":{"line":2,"column":53}},"2":{"start":{"line":3,"column":0},"end":{"line":3,"column":53}},"3":{"start":{"line":4,"column":0},"end":{"line":4,"column":40}},"4":{"start":{"line":10,"column":38},"end":{"line":89,"column":1}},"5":{"start":{"line":11,"column":36},"end":{"line":11,"column":45}},"6":{"start":{"line":12,"column":19},"end":{"line":12,"column":32}},"7":{"start":{"line":14,"column":23},"end":{"line":17,"column":3}},"8":{"start":{"line":15,"column":4},"end":{"line":15,"column":13}},"9":{"start":{"line":16,"column":4},"end":{"line":16,"column":23}},"10":{"start":{"line":19,"column":2},"end":{"line":88,"column":4}},"11":{"start":{"line":91,"column":0},"end":{"line":91,"column":22}}},"fnMap":{"0":{"name":"(anonymous_1)","decl":{"start":{"line":10,"column":38},"end":{"line":10,"column":39}},"loc":{"start":{"line":10,"column":58},"end":{"line":89,"column":1}}},"1":{"name":"(anonymous_2)","decl":{"start":{"line":14,"column":23},"end":{"line":14,"column":26}},"loc":{"start":{"line":14,"column":28},"end":{"line":17,"column":3}}}},"branchMap":{"0":{"loc":{"start":{"line":66,"column":11},"end":{"line":83,"column":null}},"type":"cond-expr","locations":[{"start":{"line":67,"column":12},"end":{"line":76,"column":null}},{"start":{"line":79,"column":12},"end":{"line":81,"column":null}}]},"1":{"loc":{"start":{"line":70,"column":17},"end":{"line":70,"column":103}},"type":"binary-expr","locations":[{"start":{"line":70,"column":17},"end":{"line":70,"column":24}},{"start":{"line":70,"column":28},"end":{"line":70,"column":103}}]}},"s":{"0":0,"1":0,"2":0,"3":0,"4":0,"5":0,"6":0,"7":0,"8":0,"9":0,"10":0,"11":0},"f":{"0":0,"1":0},"b":{"0":[0,0],"1":[0,0]}}
,"C:\\ecommerce-fullstack\\frontend\\src\\components\\Layout\\Layout.tsx": {"path":"C:\\ecommerce-fullstack\\frontend\\src\\components\\Layout\\Layout.tsx","statementMap":{"0":{"start":{"line":1,"column":1},"end":{"line":1,"column":42}},"1":{"start":{"line":2,"column":0},"end":{"line":2,"column":30}},"2":{"start":{"line":3,"column":0},"end":{"line":3,"column":30}},"3":{"start":{"line":10,"column":38},"end":{"line":18,"column":1}},"4":{"start":{"line":11,"column":2},"end":{"line":17,"column":4}},"5":{"start":{"line":20,"column":0},"end":{"line":20,"column":22}}},"fnMap":{"0":{"name":"(anonymous_1)","decl":{"start":{"line":10,"column":38},"end":{"line":10,"column":39}},"loc":{"start":{"line":10,"column":68},"end":{"line":18,"column":1}}}},"branchMap":{},"s":{"0":0,"1":0,"2":0,"3":0,"4":0,"5":0},"f":{"0":0},"b":{}}
,"C:\\ecommerce-fullstack\\frontend\\src\\components\\Products\\ProductCard.tsx": {"path":"C:\\ecommerce-fullstack\\frontend\\src\\components\\Products\\ProductCard.tsx","statementMap":{"0":{"start":{"line":1,"column":1},"end":{"line":1,"column":44}},"1":{"start":{"line":2,"column":0},"end":{"line":2,"column":53}},"2":{"start":{"line":3,"column":0},"end":{"line":3,"column":53}},"3":{"start":{"line":4,"column":0},"end":{"line":4,"column":53}},"4":{"start":{"line":5,"column":0},"end":{"line":5,"column":60}},"5":{"start":{"line":6,"column":0},"end":{"line":6,"column":54}},"6":{"start":{"line":8,"column":0},"end":{"line":8,"column":36}},"7":{"start":{"line":14,"column":48},"end":{"line":105,"column":1}},"8":{"start":{"line":15,"column":22},"end":{"line":15,"column":31}},"9":{"start":{"line":16,"column":24},"end":{"line":16,"column":33}},"10":{"start":{"line":17,"column":28},"end":{"line":17,"column":41}},"11":{"start":{"line":18,"column":19},"end":{"line":18,"column":32}},"12":{"start":{"line":20,"column":26},"end":{"line":23,"column":26}},"13":{"start":{"line":21,"column":4},"end":{"line":21,"column":23}},"14":{"start":{"line":22,"column":4},"end":{"line":22,"column":61}},"15":{"start":{"line":25,"column":23},"end":{"line":33,"column":47}},"16":{"start":{"line":26,"column":4},"end":{"line":26,"column":95}},"17":{"start":{"line":26,"column":88},"end":{"line":26,"column":95}},"18":{"start":{"line":27,"column":4},"end":{"line":32,"column":5}},"19":{"start":{"line":28,"column":6},"end":{"line":28,"column":38}},"20":{"start":{"line":31,"column":6},"end":{"line":31,"column":45}},"21":{"start":{"line":35,"column":2},"end":{"line":104,"column":4}},"22":{"start":{"line":107,"column":0},"end":{"line":107,"column":39}}},"fnMap":{"0":{"name":"(anonymous_10)","decl":{"start":{"line":14,"column":48},"end":{"line":14,"column":49}},"loc":{"start":{"line":14,"column":64},"end":{"line":105,"column":1}}},"1":{"name":"(anonymous_11)","decl":{"start":{"line":20,"column":38},"end":{"line":20,"column":41}},"loc":{"start":{"line":20,"column":43},"end":{"line":23,"column":3}}},"2":{"name":"(anonymous_12)","decl":{"start":{"line":25,"column":35},"end":{"line":25,"column":40}},"loc":{"start":{"line":25,"column":46},"end":{"line":33,"column":3}}}},"branchMap":{"0":{"loc":{"start":{"line":26,"column":4},"end":{"line":26,"column":95}},"type":"if","locations":[{"start":{"line":26,"column":4},"end":{"line":26,"column":95}},{"start":{},"end":{}}]},"1":{"loc":{"start":{"line":52,"column":11},"end":{"line":52,"column":49}},"type":"binary-expr","locations":[{"start":{"line":52,"column":11},"end":{"line":52,"column":30}},{"start":{"line":52,"column":34},"end":{"line":52,"column":49}}]},"2":{"loc":{"start":{"line":85,"column":11},"end":{"line":99,"column":null}},"type":"binary-expr","locations":[{"start":{"line":85,"column":11},"end":{"line":85,"column":18}},{"start":{"line":86,"column":12},"end":{"line":98,"column":null}}]}},"s":{"0":0,"1":0,"2":0,"3":0,"4":0,"5":0,"6":0,"7":0,"8":0,"9":0,"10":0,"11":0,"12":0,"13":0,"14":0,"15":0,"16":0,"17":0,"18":0,"19":0,"20":0,"21":0,"22":0},"f":{"0":0,"1":0,"2":0},"b":{"0":[0,0],"1":[0,0],"2":[0,0]}}
,"C:\\ecommerce-fullstack\\frontend\\src\\components\\Products\\ProductDetails.tsx": {"path":"C:\\ecommerce-fullstack\\frontend\\src\\components\\Products\\ProductDetails.tsx","statementMap":{"0":{"start":{"line":1,"column":0},"end":{"line":1,"column":64}},"1":{"start":{"line":2,"column":0},"end":{"line":2,"column":64}},"2":{"start":{"line":3,"column":0},"end":{"line":3,"column":63}},"3":{"start":{"line":4,"column":0},"end":{"line":4,"column":53}},"4":{"start":{"line":5,"column":0},"end":{"line":5,"column":53}},"5":{"start":{"line":6,"column":0},"end":{"line":6,"column":60}},"6":{"start":{"line":8,"column":0},"end":{"line":8,"column":54}},"7":{"start":{"line":9,"column":0},"end":{"line":9,"column":54}},"8":{"start":{"line":10,"column":0},"end":{"line":10,"column":40}},"9":{"start":{"line":11,"column":0},"end":{"line":11,"column":50}},"10":{"start":{"line":12,"column":0},"end":{"line":12,"column":36}},"11":{"start":{"line":14,"column":33},"end":{"line":171,"column":1}},"12":{"start":{"line":15,"column":17},"end":{"line":15,"column":44}},"13":{"start":{"line":16,"column":19},"end":{"line":16,"column":32}},"14":{"start":{"line":17,"column":22},"end":{"line":17,"column":31}},"15":{"start":{"line":18,"column":24},"end":{"line":18,"column":33}},"16":{"start":{"line":19,"column":28},"end":{"line":19,"column":41}},"17":{"start":{"line":20,"column":32},"end":{"line":20,"column":62}},"18":{"start":{"line":21,"column":32},"end":{"line":21,"column":46}},"19":{"start":{"line":22,"column":28},"end":{"line":22,"column":57}},"20":{"start":{"line":23,"column":34},"end":{"line":23,"column":45}},"21":{"start":{"line":25,"column":2},"end":{"line":39,"column":11}},"22":{"start":{"line":26,"column":4},"end":{"line":26,"column":20}},"23":{"start":{"line":26,"column":13},"end":{"line":26,"column":20}},"24":{"start":{"line":27,"column":24},"end":{"line":37,"column":5}},"25":{"start":{"line":28,"column":6},"end":{"line":36,"column":7}},"26":{"start":{"line":29,"column":21},"end":{"line":29,"column":66}},"27":{"start":{"line":30,"column":8},"end":{"line":30,"column":25}},"28":{"start":{"line":32,"column":24},"end":{"line":32,"column":87}},"29":{"start":{"line":33,"column":8},"end":{"line":33,"column":26}},"30":{"start":{"line":35,"column":8},"end":{"line":35,"column":26}},"31":{"start":{"line":38,"column":4},"end":{"line":38,"column":18}},"32":{"start":{"line":41,"column":26},"end":{"line":45,"column":36}},"33":{"start":{"line":42,"column":4},"end":{"line":42,"column":25}},"34":{"start":{"line":42,"column":18},"end":{"line":42,"column":25}},"35":{"start":{"line":43,"column":4},"end":{"line":43,"column":33}},"36":{"start":{"line":44,"column":4},"end":{"line":44,"column":77}},"37":{"start":{"line":47,"column":23},"end":{"line":56,"column":40}},"38":{"start":{"line":48,"column":4},"end":{"line":48,"column":25}},"39":{"start":{"line":48,"column":18},"end":{"line":48,"column":25}},"40":{"start":{"line":49,"column":4},"end":{"line":49,"column":95}},"41":{"start":{"line":49,"column":88},"end":{"line":49,"column":95}},"42":{"start":{"line":50,"column":4},"end":{"line":55,"column":5}},"43":{"start":{"line":51,"column":6},"end":{"line":51,"column":38}},"44":{"start":{"line":52,"column":6},"end":{"line":52,"column":28}},"45":{"start":{"line":54,"column":6},"end":{"line":54,"column":45}},"46":{"start":{"line":58,"column":2},"end":{"line":58,"column":34}},"47":{"start":{"line":58,"column":15},"end":{"line":58,"column":34}},"48":{"start":{"line":59,"column":2},"end":{"line":59,"column":53}},"49":{"start":{"line":59,"column":13},"end":{"line":59,"column":53}},"50":{"start":{"line":60,"column":2},"end":{"line":60,"column":73}},"51":{"start":{"line":60,"column":16},"end":{"line":60,"column":73}},"52":{"start":{"line":62,"column":2},"end":{"line":170,"column":4}},"53":{"start":{"line":109,"column":33},"end":{"line":109,"column":69}},"54":{"start":{"line":109,"column":50},"end":{"line":109,"column":68}},"55":{"start":{"line":115,"column":33},"end":{"line":115,"column":56}},"56":{"start":{"line":115,"column":50},"end":{"line":115,"column":55}},"57":{"start":{"line":140,"column":33},"end":{"line":140,"column":54}},"58":{"start":{"line":173,"column":0},"end":{"line":173,"column":30}}},"fnMap":{"0":{"name":"(anonymous_10)","decl":{"start":{"line":14,"column":33},"end":{"line":14,"column":36}},"loc":{"start":{"line":14,"column":38},"end":{"line":171,"column":1}}},"1":{"name":"(anonymous_11)","decl":{"start":{"line":25,"column":12},"end":{"line":25,"column":15}},"loc":{"start":{"line":25,"column":17},"end":{"line":39,"column":3}}},"2":{"name":"(anonymous_12)","decl":{"start":{"line":27,"column":24},"end":{"line":27,"column":29}},"loc":{"start":{"line":27,"column":35},"end":{"line":37,"column":5}}},"3":{"name":"(anonymous_13)","decl":{"start":{"line":41,"column":38},"end":{"line":41,"column":41}},"loc":{"start":{"line":41,"column":43},"end":{"line":45,"column":3}}},"4":{"name":"(anonymous_14)","decl":{"start":{"line":47,"column":35},"end":{"line":47,"column":40}},"loc":{"start":{"line":47,"column":46},"end":{"line":56,"column":3}}},"5":{"name":"(anonymous_15)","decl":{"start":{"line":109,"column":27},"end":{"line":109,"column":30}},"loc":{"start":{"line":109,"column":33},"end":{"line":109,"column":69}}},"6":{"name":"(anonymous_16)","decl":{"start":{"line":109,"column":45},"end":{"line":109,"column":46}},"loc":{"start":{"line":109,"column":50},"end":{"line":109,"column":68}}},"7":{"name":"(anonymous_17)","decl":{"start":{"line":115,"column":27},"end":{"line":115,"column":30}},"loc":{"start":{"line":115,"column":33},"end":{"line":115,"column":56}}},"8":{"name":"(anonymous_18)","decl":{"start":{"line":115,"column":45},"end":{"line":115,"column":46}},"loc":{"start":{"line":115,"column":50},"end":{"line":115,"column":55}}},"9":{"name":"(anonymous_19)","decl":{"start":{"line":140,"column":27},"end":{"line":140,"column":30}},"loc":{"start":{"line":140,"column":33},"end":{"line":140,"column":54}}}},"branchMap":{"0":{"loc":{"start":{"line":26,"column":4},"end":{"line":26,"column":20}},"type":"if","locations":[{"start":{"line":26,"column":4},"end":{"line":26,"column":20}},{"start":{},"end":{}}]},"1":{"loc":{"start":{"line":32,"column":24},"end":{"line":32,"column":87}},"type":"cond-expr","locations":[{"start":{"line":32,"column":47},"end":{"line":32,"column":58}},{"start":{"line":32,"column":61},"end":{"line":32,"column":87}}]},"2":{"loc":{"start":{"line":42,"column":4},"end":{"line":42,"column":25}},"type":"if","locations":[{"start":{"line":42,"column":4},"end":{"line":42,"column":25}},{"start":{},"end":{}}]},"3":{"loc":{"start":{"line":48,"column":4},"end":{"line":48,"column":25}},"type":"if","locations":[{"start":{"line":48,"column":4},"end":{"line":48,"column":25}},{"start":{},"end":{}}]},"4":{"loc":{"start":{"line":49,"column":4},"end":{"line":49,"column":95}},"type":"if","locations":[{"start":{"line":49,"column":4},"end":{"line":49,"column":95}},{"start":{},"end":{}}]},"5":{"loc":{"start":{"line":58,"column":2},"end":{"line":58,"column":34}},"type":"if","locations":[{"start":{"line":58,"column":2},"end":{"line":58,"column":34}},{"start":{},"end":{}}]},"6":{"loc":{"start":{"line":59,"column":2},"end":{"line":59,"column":53}},"type":"if","locations":[{"start":{"line":59,"column":2},"end":{"line":59,"column":53}},{"start":{},"end":{}}]},"7":{"loc":{"start":{"line":60,"column":2},"end":{"line":60,"column":73}},"type":"if","locations":[{"start":{"line":60,"column":2},"end":{"line":60,"column":73}},{"start":{},"end":{}}]},"8":{"loc":{"start":{"line":90,"column":13},"end":{"line":95,"column":null}},"type":"binary-expr","locations":[{"start":{"line":90,"column":13},"end":{"line":90,"column":29}},{"start":{"line":91,"column":14},"end":{"line":94,"column":null}}]},"9":{"loc":{"start":{"line":101,"column":17},"end":{"line":101,"column":67}},"type":"binary-expr","locations":[{"start":{"line":101,"column":17},"end":{"line":101,"column":36}},{"start":{"line":101,"column":40},"end":{"line":101,"column":67}}]},"10":{"loc":{"start":{"line":149,"column":15},"end":{"line":163,"column":null}},"type":"binary-expr","locations":[{"start":{"line":149,"column":15},"end":{"line":149,"column":22}},{"start":{"line":150,"column":16},"end":{"line":162,"column":null}}]}},"s":{"0":0,"1":0,"2":0,"3":0,"4":0,"5":0,"6":0,"7":0,"8":0,"9":0,"10":0,"11":0,"12":0,"13":0,"14":0,"15":0,"16":0,"17":0,"18":0,"19":0,"20":0,"21":0,"22":0,"23":0,"24":0,"25":0,"26":0,"27":0,"28":0,"29":0,"30":0,"31":0,"32":0,"33":0,"34":0,"35":0,"36":0,"37":0,"38":0,"39":0,"40":0,"41":0,"42":0,"43":0,"44":0,"45":0,"46":0,"47":0,"48":0,"49":0,"50":0,"51":0,"52":0,"53":0,"54":0,"55":0,"56":0,"57":0,"58":0},"f":{"0":0,"1":0,"2":0,"3":0,"4":0,"5":0,"6":0,"7":0,"8":0,"9":0},"b":{"0":[0,0],"1":[0,0],"2":[0,0],"3":[0,0],"4":[0,0],"5":[0,0],"6":[0,0],"7":[0,0],"8":[0,0],"9":[0,0],"10":[0,0]}}
,"C:\\ecommerce-fullstack\\frontend\\src\\components\\Products\\ProductForm.tsx": {"path":"C:\\ecommerce-fullstack\\frontend\\src\\components\\Products\\ProductForm.tsx","statementMap":{"0":{"start":{"line":1,"column":1},"end":{"line":1,"column":52}},"1":{"start":{"line":2,"column":0},"end":{"line":2,"column":58}},"2":{"start":{"line":3,"column":0},"end":{"line":3,"column":60}},"3":{"start":{"line":4,"column":0},"end":{"line":4,"column":63}},"4":{"start":{"line":5,"column":0},"end":{"line":5,"column":40}},"5":{"start":{"line":7,"column":30},"end":{"line":185,"column":1}},"6":{"start":{"line":8,"column":17},"end":{"line":8,"column":28}},"7":{"start":{"line":9,"column":19},"end":{"line":9,"column":32}},"8":{"start":{"line":10,"column":43},"end":{"line":10,"column":56}},"9":{"start":{"line":11,"column":32},"end":{"line":11,"column":47}},"10":{"start":{"line":12,"column":34},"end":{"line":12,"column":48}},"11":{"start":{"line":13,"column":34},"end":{"line":20,"column":4}},"12":{"start":{"line":22,"column":2},"end":{"line":26,"column":11}},"13":{"start":{"line":23,"column":4},"end":{"line":25,"column":5}},"14":{"start":{"line":24,"column":6},"end":{"line":24,"column":20}},"15":{"start":{"line":28,"column":22},"end":{"line":45,"column":3}},"16":{"start":{"line":29,"column":4},"end":{"line":44,"column":5}},"17":{"start":{"line":30,"column":22},"end":{"line":30,"column":68}},"18":{"start":{"line":31,"column":6},"end":{"line":38,"column":9}},"19":{"start":{"line":40,"column":6},"end":{"line":40,"column":56}},"20":{"start":{"line":41,"column":6},"end":{"line":41,"column":28}},"21":{"start":{"line":43,"column":6},"end":{"line":43,"column":25}},"22":{"start":{"line":47,"column":23},"end":{"line":52,"column":3}},"23":{"start":{"line":48,"column":4},"end":{"line":51,"column":7}},"24":{"start":{"line":54,"column":23},"end":{"line":69,"column":3}},"25":{"start":{"line":55,"column":4},"end":{"line":55,"column":23}},"26":{"start":{"line":56,"column":4},"end":{"line":56,"column":21}},"27":{"start":{"line":57,"column":4},"end":{"line":68,"column":5}},"28":{"start":{"line":58,"column":6},"end":{"line":62,"column":7}},"29":{"start":{"line":59,"column":8},"end":{"line":59,"column":52}},"30":{"start":{"line":61,"column":8},"end":{"line":61,"column":38}},"31":{"start":{"line":63,"column":6},"end":{"line":63,"column":28}},"32":{"start":{"line":65,"column":6},"end":{"line":65,"column":54}},"33":{"start":{"line":67,"column":6},"end":{"line":67,"column":24}},"34":{"start":{"line":71,"column":2},"end":{"line":73,"column":3}},"35":{"start":{"line":72,"column":4},"end":{"line":72,"column":23}},"36":{"start":{"line":75,"column":2},"end":{"line":184,"column":4}},"37":{"start":{"line":176,"column":27},"end":{"line":176,"column":48}},"38":{"start":{"line":187,"column":0},"end":{"line":187,"column":27}}},"fnMap":{"0":{"name":"(anonymous_10)","decl":{"start":{"line":7,"column":30},"end":{"line":7,"column":33}},"loc":{"start":{"line":7,"column":35},"end":{"line":185,"column":1}}},"1":{"name":"(anonymous_11)","decl":{"start":{"line":22,"column":12},"end":{"line":22,"column":15}},"loc":{"start":{"line":22,"column":17},"end":{"line":26,"column":3}}},"2":{"name":"(anonymous_12)","decl":{"start":{"line":28,"column":22},"end":{"line":28,"column":27}},"loc":{"start":{"line":28,"column":33},"end":{"line":45,"column":3}}},"3":{"name":"(anonymous_13)","decl":{"start":{"line":47,"column":23},"end":{"line":47,"column":24}},"loc":{"start":{"line":47,"column":88},"end":{"line":52,"column":3}}},"4":{"name":"(anonymous_14)","decl":{"start":{"line":54,"column":23},"end":{"line":54,"column":28}},"loc":{"start":{"line":54,"column":52},"end":{"line":69,"column":3}}},"5":{"name":"(anonymous_15)","decl":{"start":{"line":176,"column":21},"end":{"line":176,"column":24}},"loc":{"start":{"line":176,"column":27},"end":{"line":176,"column":48}}}},"branchMap":{"0":{"loc":{"start":{"line":23,"column":4},"end":{"line":25,"column":5}},"type":"if","locations":[{"start":{"line":23,"column":4},"end":{"line":25,"column":5}},{"start":{},"end":{}}]},"1":{"loc":{"start":{"line":33,"column":21},"end":{"line":33,"column":46}},"type":"binary-expr","locations":[{"start":{"line":33,"column":21},"end":{"line":33,"column":40}},{"start":{"line":33,"column":44},"end":{"line":33,"column":46}}]},"2":{"loc":{"start":{"line":36,"column":18},"end":{"line":36,"column":40}},"type":"binary-expr","locations":[{"start":{"line":36,"column":18},"end":{"line":36,"column":34}},{"start":{"line":36,"column":38},"end":{"line":36,"column":40}}]},"3":{"loc":{"start":{"line":37,"column":19},"end":{"line":37,"column":42}},"type":"binary-expr","locations":[{"start":{"line":37,"column":19},"end":{"line":37,"column":36}},{"start":{"line":37,"column":40},"end":{"line":37,"column":42}}]},"4":{"loc":{"start":{"line":58,"column":6},"end":{"line":62,"column":7}},"type":"if","locations":[{"start":{"line":58,"column":6},"end":{"line":62,"column":7}},{"start":{"line":60,"column":13},"end":{"line":62,"column":7}}]},"5":{"loc":{"start":{"line":71,"column":2},"end":{"line":73,"column":3}},"type":"if","locations":[{"start":{"line":71,"column":2},"end":{"line":73,"column":3}},{"start":{},"end":{}}]},"6":{"loc":{"start":{"line":78,"column":9},"end":{"line":78,"column":47}},"type":"cond-expr","locations":[{"start":{"line":78,"column":14},"end":{"line":78,"column":30}},{"start":{"line":78,"column":33},"end":{"line":78,"column":47}}]},"7":{"loc":{"start":{"line":172,"column":13},"end":{"line":172,"column":67}},"type":"cond-expr","locations":[{"start":{"line":172,"column":23},"end":{"line":172,"column":36}},{"start":{"line":172,"column":40},"end":{"line":172,"column":66}}]},"8":{"loc":{"start":{"line":172,"column":40},"end":{"line":172,"column":66}},"type":"cond-expr","locations":[{"start":{"line":172,"column":45},"end":{"line":172,"column":56}},{"start":{"line":172,"column":59},"end":{"line":172,"column":66}}]}},"s":{"0":0,"1":0,"2":0,"3":0,"4":0,"5":0,"6":0,"7":0,"8":0,"9":0,"10":0,"11":0,"12":0,"13":0,"14":0,"15":0,"16":0,"17":0,"18":0,"19":0,"20":0,"21":0,"22":0,"23":0,"24":0,"25":0,"26":0,"27":0,"28":0,"29":0,"30":0,"31":0,"32":0,"33":0,"34":0,"35":0,"36":0,"37":0,"38":0},"f":{"0":0,"1":0,"2":0,"3":0,"4":0,"5":0},"b":{"0":[0,0],"1":[0,0],"2":[0,0],"3":[0,0],"4":[0,0],"5":[0,0],"6":[0,0],"7":[0,0],"8":[0,0]}}
,"C:\\ecommerce-fullstack\\frontend\\src\\components\\Products\\ProductList.tsx": {"path":"C:\\ecommerce-fullstack\\frontend\\src\\components\\Products\\ProductList.tsx","statementMap":{"0":{"start":{"line":1,"column":1},"end":{"line":1,"column":42}},"1":{"start":{"line":2,"column":0},"end":{"line":2,"column":60}},"2":{"start":{"line":3,"column":0},"end":{"line":3,"column":53}},"3":{"start":{"line":4,"column":0},"end":{"line":4,"column":40}},"4":{"start":{"line":5,"column":0},"end":{"line":5,"column":40}},"5":{"start":{"line":6,"column":0},"end":{"line":6,"column":40}},"6":{"start":{"line":8,"column":30},"end":{"line":47,"column":1}},"7":{"start":{"line":9,"column":47},"end":{"line":9,"column":60}},"8":{"start":{"line":10,"column":22},"end":{"line":10,"column":31}},"9":{"start":{"line":12,"column":2},"end":{"line":14,"column":9}},"10":{"start":{"line":13,"column":4},"end":{"line":13,"column":20}},"11":{"start":{"line":16,"column":2},"end":{"line":18,"column":3}},"12":{"start":{"line":17,"column":4},"end":{"line":17,"column":23}},"13":{"start":{"line":20,"column":2},"end":{"line":46,"column":4}},"14":{"start":{"line":41,"column":12},"end":{"line":41,"column":42}},"15":{"start":{"line":49,"column":0},"end":{"line":49,"column":27}}},"fnMap":{"0":{"name":"(anonymous_10)","decl":{"start":{"line":8,"column":30},"end":{"line":8,"column":33}},"loc":{"start":{"line":8,"column":35},"end":{"line":47,"column":1}}},"1":{"name":"(anonymous_11)","decl":{"start":{"line":12,"column":12},"end":{"line":12,"column":15}},"loc":{"start":{"line":12,"column":17},"end":{"line":14,"column":3}}},"2":{"name":"(anonymous_12)","decl":{"start":{"line":40,"column":24},"end":{"line":40,"column":25}},"loc":{"start":{"line":41,"column":12},"end":{"line":41,"column":42}}}},"branchMap":{"0":{"loc":{"start":{"line":16,"column":2},"end":{"line":18,"column":3}},"type":"if","locations":[{"start":{"line":16,"column":2},"end":{"line":18,"column":3}},{"start":{},"end":{}}]},"1":{"loc":{"start":{"line":24,"column":9},"end":{"line":30,"column":null}},"type":"binary-expr","locations":[{"start":{"line":24,"column":9},"end":{"line":24,"column":16}},{"start":{"line":25,"column":10},"end":{"line":27,"column":null}}]},"2":{"loc":{"start":{"line":34,"column":7},"end":{"line":43,"column":null}},"type":"cond-expr","locations":[{"start":{"line":35,"column":8},"end":{"line":36,"column":null}},{"start":{"line":39,"column":8},"end":{"line":42,"column":null}}]}},"s":{"0":0,"1":0,"2":0,"3":0,"4":0,"5":0,"6":0,"7":0,"8":0,"9":0,"10":0,"11":0,"12":0,"13":0,"14":0,"15":0},"f":{"0":0,"1":0,"2":0},"b":{"0":[0,0],"1":[0,0],"2":[0,0]}}
,"C:\\ecommerce-fullstack\\frontend\\src\\contexts\\AuthContext.tsx": {"path":"C:\\ecommerce-fullstack\\frontend\\src\\contexts\\AuthContext.tsx","statementMap":{"0":{"start":{"line":1,"column":1},"end":{"line":1,"column":90}},"1":{"start":{"line":2,"column":0},"end":{"line":2,"column":54}},"2":{"start":{"line":4,"column":0},"end":{"line":4,"column":36}},"3":{"start":{"line":15,"column":20},"end":{"line":15,"column":73}},"4":{"start":{"line":17,"column":23},"end":{"line":23,"column":1}},"5":{"start":{"line":18,"column":18},"end":{"line":18,"column":41}},"6":{"start":{"line":19,"column":2},"end":{"line":21,"column":3}},"7":{"start":{"line":20,"column":4},"end":{"line":20,"column":67}},"8":{"start":{"line":22,"column":2},"end":{"line":22,"column":17}},"9":{"start":{"line":17,"column":13},"end":{"line":17,"column":23}},"10":{"start":{"line":29,"column":57},"end":{"line":87,"column":1}},"11":{"start":{"line":30,"column":26},"end":{"line":30,"column":53}},"12":{"start":{"line":31,"column":32},"end":{"line":31,"column":46}},"13":{"start":{"line":33,"column":2},"end":{"line":48,"column":9}},"14":{"start":{"line":34,"column":21},"end":{"line":45,"column":5}},"15":{"start":{"line":35,"column":6},"end":{"line":43,"column":7}},"16":{"start":{"line":36,"column":8},"end":{"line":42,"column":9}},"17":{"start":{"line":37,"column":27},"end":{"line":37,"column":61}},"18":{"start":{"line":38,"column":10},"end":{"line":38,"column":28}},"19":{"start":{"line":40,"column":10},"end":{"line":40,"column":55}},"20":{"start":{"line":41,"column":10},"end":{"line":41,"column":31}},"21":{"start":{"line":44,"column":6},"end":{"line":44,"column":24}},"22":{"start":{"line":47,"column":4},"end":{"line":47,"column":15}},"23":{"start":{"line":50,"column":16},"end":{"line":61,"column":3}},"24":{"start":{"line":51,"column":4},"end":{"line":60,"column":5}},"25":{"start":{"line":52,"column":6},"end":{"line":52,"column":43}},"26":{"start":{"line":53,"column":23},"end":{"line":53,"column":57}},"27":{"start":{"line":54,"column":6},"end":{"line":54,"column":24}},"28":{"start":{"line":55,"column":6},"end":{"line":55,"column":52}},"29":{"start":{"line":57,"column":22},"end":{"line":57,"column":75}},"30":{"start":{"line":58,"column":6},"end":{"line":58,"column":27}},"31":{"start":{"line":59,"column":6},"end":{"line":59,"column":18}},"32":{"start":{"line":63,"column":19},"end":{"line":72,"column":3}},"33":{"start":{"line":64,"column":4},"end":{"line":71,"column":5}},"34":{"start":{"line":65,"column":6},"end":{"line":65,"column":43}},"35":{"start":{"line":66,"column":6},"end":{"line":66,"column":67}},"36":{"start":{"line":68,"column":22},"end":{"line":68,"column":73}},"37":{"start":{"line":69,"column":6},"end":{"line":69,"column":27}},"38":{"start":{"line":70,"column":6},"end":{"line":70,"column":18}},"39":{"start":{"line":74,"column":17},"end":{"line":78,"column":3}},"40":{"start":{"line":75,"column":4},"end":{"line":75,"column":25}},"41":{"start":{"line":76,"column":4},"end":{"line":76,"column":18}},"42":{"start":{"line":77,"column":4},"end":{"line":77,"column":51}},"43":{"start":{"line":80,"column":18},"end":{"line":80,"column":41}},"44":{"start":{"line":82,"column":2},"end":{"line":86,"column":4}},"45":{"start":{"line":29,"column":13},"end":{"line":29,"column":57}}},"fnMap":{"0":{"name":"(anonymous_10)","decl":{"start":{"line":17,"column":23},"end":{"line":17,"column":26}},"loc":{"start":{"line":17,"column":28},"end":{"line":23,"column":1}}},"1":{"name":"(anonymous_11)","decl":{"start":{"line":29,"column":57},"end":{"line":29,"column":58}},"loc":{"start":{"line":29,"column":74},"end":{"line":87,"column":1}}},"2":{"name":"(anonymous_12)","decl":{"start":{"line":33,"column":12},"end":{"line":33,"column":15}},"loc":{"start":{"line":33,"column":17},"end":{"line":48,"column":3}}},"3":{"name":"(anonymous_13)","decl":{"start":{"line":34,"column":21},"end":{"line":34,"column":26}},"loc":{"start":{"line":34,"column":32},"end":{"line":45,"column":5}}},"4":{"name":"(anonymous_14)","decl":{"start":{"line":50,"column":16},"end":{"line":50,"column":21}},"loc":{"start":{"line":50,"column":56},"end":{"line":61,"column":3}}},"5":{"name":"(anonymous_15)","decl":{"start":{"line":63,"column":19},"end":{"line":63,"column":24}},"loc":{"start":{"line":63,"column":52},"end":{"line":72,"column":3}}},"6":{"name":"(anonymous_16)","decl":{"start":{"line":74,"column":17},"end":{"line":74,"column":20}},"loc":{"start":{"line":74,"column":22},"end":{"line":78,"column":3}}}},"branchMap":{"0":{"loc":{"start":{"line":19,"column":2},"end":{"line":21,"column":3}},"type":"if","locations":[{"start":{"line":19,"column":2},"end":{"line":21,"column":3}},{"start":{},"end":{}}]},"1":{"loc":{"start":{"line":35,"column":6},"end":{"line":43,"column":7}},"type":"if","locations":[{"start":{"line":35,"column":6},"end":{"line":43,"column":7}},{"start":{},"end":{}}]},"2":{"loc":{"start":{"line":57,"column":22},"end":{"line":57,"column":75}},"type":"binary-expr","locations":[{"start":{"line":57,"column":22},"end":{"line":57,"column":50}},{"start":{"line":57,"column":54},"end":{"line":57,"column":75}}]},"3":{"loc":{"start":{"line":68,"column":22},"end":{"line":68,"column":73}},"type":"binary-expr","locations":[{"start":{"line":68,"column":22},"end":{"line":68,"column":50}},{"start":{"line":68,"column":54},"end":{"line":68,"column":73}}]},"4":{"loc":{"start":{"line":80,"column":18},"end":{"line":80,"column":41}},"type":"binary-expr","locations":[{"start":{"line":80,"column":18},"end":{"line":80,"column":32}},{"start":{"line":80,"column":36},"end":{"line":80,"column":41}}]}},"s":{"0":1,"1":1,"2":1,"3":1,"4":1,"5":163,"6":163,"7":0,"8":163,"9":1,"10":1,"11":26,"12":26,"13":26,"14":12,"15":12,"16":0,"17":0,"18":0,"19":0,"20":0,"21":12,"22":12,"23":26,"24":6,"25":6,"26":4,"27":4,"28":4,"29":2,"30":2,"31":2,"32":26,"33":0,"34":0,"35":0,"36":0,"37":0,"38":0,"39":26,"40":0,"41":0,"42":0,"43":26,"44":26,"45":1},"f":{"0":163,"1":26,"2":12,"3":12,"4":6,"5":0,"6":0},"b":{"0":[0,163],"1":[0,12],"2":[2,1],"3":[0,0],"4":[26,26]}}
,"C:\\ecommerce-fullstack\\frontend\\src\\contexts\\CartContext.tsx": {"path":"C:\\ecommerce-fullstack\\frontend\\src\\contexts\\CartContext.tsx","statementMap":{"0":{"start":{"line":1,"column":0},"end":{"line":1,"column":102}},"1":{"start":{"line":4,"column":20},"end":{"line":4,"column":73}},"2":{"start":{"line":6,"column":23},"end":{"line":12,"column":1}},"3":{"start":{"line":7,"column":18},"end":{"line":7,"column":41}},"4":{"start":{"line":8,"column":2},"end":{"line":10,"column":3}},"5":{"start":{"line":9,"column":4},"end":{"line":9,"column":66}},"6":{"start":{"line":11,"column":2},"end":{"line":11,"column":17}},"7":{"start":{"line":6,"column":13},"end":{"line":6,"column":23}},"8":{"start":{"line":14,"column":63},"end":{"line":88,"column":1}},"9":{"start":{"line":15,"column":28},"end":{"line":22,"column":4}},"10":{"start":{"line":16,"column":4},"end":{"line":21,"column":5}},"11":{"start":{"line":17,"column":20},"end":{"line":17,"column":48}},"12":{"start":{"line":18,"column":6},"end":{"line":18,"column":44}},"13":{"start":{"line":20,"column":6},"end":{"line":20,"column":16}},"14":{"start":{"line":24,"column":2},"end":{"line":26,"column":14}},"15":{"start":{"line":25,"column":4},"end":{"line":25,"column":56}},"16":{"start":{"line":28,"column":20},"end":{"line":46,"column":8}},"17":{"start":{"line":29,"column":4},"end":{"line":45,"column":7}},"18":{"start":{"line":30,"column":23},"end":{"line":30,"column":67}},"19":{"start":{"line":30,"column":44},"end":{"line":30,"column":66}},"20":{"start":{"line":31,"column":6},"end":{"line":37,"column":7}},"21":{"start":{"line":32,"column":8},"end":{"line":36,"column":10}},"22":{"start":{"line":33,"column":10},"end":{"line":35,"column":18}},"23":{"start":{"line":38,"column":6},"end":{"line":44,"column":9}},"24":{"start":{"line":48,"column":25},"end":{"line":50,"column":8}},"25":{"start":{"line":49,"column":4},"end":{"line":49,"column":71}},"26":{"start":{"line":49,"column":24},"end":{"line":49,"column":69}},"27":{"start":{"line":49,"column":47},"end":{"line":49,"column":68}},"28":{"start":{"line":52,"column":25},"end":{"line":60,"column":22}},"29":{"start":{"line":53,"column":4},"end":{"line":56,"column":5}},"30":{"start":{"line":54,"column":6},"end":{"line":54,"column":32}},"31":{"start":{"line":55,"column":6},"end":{"line":55,"column":13}},"32":{"start":{"line":57,"column":4},"end":{"line":59,"column":6}},"33":{"start":{"line":58,"column":6},"end":{"line":58,"column":79}},"34":{"start":{"line":58,"column":26},"end":{"line":58,"column":78}},"35":{"start":{"line":62,"column":20},"end":{"line":62,"column":55}},"36":{"start":{"line":62,"column":38},"end":{"line":62,"column":50}},"37":{"start":{"line":64,"column":24},"end":{"line":65,"column":69}},"38":{"start":{"line":65,"column":4},"end":{"line":65,"column":59}},"39":{"start":{"line":65,"column":34},"end":{"line":65,"column":55}},"40":{"start":{"line":67,"column":24},"end":{"line":68,"column":82}},"41":{"start":{"line":68,"column":4},"end":{"line":68,"column":72}},"42":{"start":{"line":68,"column":34},"end":{"line":68,"column":68}},"43":{"start":{"line":70,"column":29},"end":{"line":78,"column":28}},"44":{"start":{"line":71,"column":19},"end":{"line":71,"column":54}},"45":{"start":{"line":72,"column":22},"end":{"line":74,"column":17}},"46":{"start":{"line":73,"column":19},"end":{"line":73,"column":103}},"47":{"start":{"line":75,"column":18},"end":{"line":75,"column":68}},"48":{"start":{"line":76,"column":19},"end":{"line":76,"column":89}},"49":{"start":{"line":77,"column":4},"end":{"line":77,"column":52}},"50":{"start":{"line":80,"column":2},"end":{"line":87,"column":4}},"51":{"start":{"line":14,"column":13},"end":{"line":14,"column":63}}},"fnMap":{"0":{"name":"(anonymous_9)","decl":{"start":{"line":6,"column":23},"end":{"line":6,"column":43}},"loc":{"start":{"line":6,"column":45},"end":{"line":12,"column":1}}},"1":{"name":"(anonymous_10)","decl":{"start":{"line":14,"column":63},"end":{"line":14,"column":64}},"loc":{"start":{"line":14,"column":80},"end":{"line":88,"column":1}}},"2":{"name":"(anonymous_11)","decl":{"start":{"line":15,"column":49},"end":{"line":15,"column":52}},"loc":{"start":{"line":15,"column":54},"end":{"line":22,"column":3}}},"3":{"name":"(anonymous_12)","decl":{"start":{"line":24,"column":12},"end":{"line":24,"column":15}},"loc":{"start":{"line":24,"column":17},"end":{"line":26,"column":3}}},"4":{"name":"(anonymous_13)","decl":{"start":{"line":28,"column":32},"end":{"line":28,"column":33}},"loc":{"start":{"line":28,"column":67},"end":{"line":46,"column":3}}},"5":{"name":"(anonymous_14)","decl":{"start":{"line":29,"column":13},"end":{"line":29,"column":20}},"loc":{"start":{"line":29,"column":23},"end":{"line":45,"column":5}}},"6":{"name":"(anonymous_15)","decl":{"start":{"line":30,"column":36},"end":{"line":30,"column":40}},"loc":{"start":{"line":30,"column":44},"end":{"line":30,"column":66}}},"7":{"name":"(anonymous_16)","decl":{"start":{"line":32,"column":27},"end":{"line":32,"column":31}},"loc":{"start":{"line":33,"column":10},"end":{"line":35,"column":18}}},"8":{"name":"(anonymous_17)","decl":{"start":{"line":48,"column":37},"end":{"line":48,"column":38}},"loc":{"start":{"line":48,"column":59},"end":{"line":50,"column":3}}},"9":{"name":"(anonymous_18)","decl":{"start":{"line":49,"column":13},"end":{"line":49,"column":20}},"loc":{"start":{"line":49,"column":24},"end":{"line":49,"column":69}}},"10":{"name":"(anonymous_19)","decl":{"start":{"line":49,"column":39},"end":{"line":49,"column":43}},"loc":{"start":{"line":49,"column":47},"end":{"line":49,"column":68}}},"11":{"name":"(anonymous_20)","decl":{"start":{"line":52,"column":37},"end":{"line":52,"column":38}},"loc":{"start":{"line":52,"column":77},"end":{"line":60,"column":3}}},"12":{"name":"(anonymous_21)","decl":{"start":{"line":57,"column":13},"end":{"line":57,"column":20}},"loc":{"start":{"line":58,"column":6},"end":{"line":58,"column":79}}},"13":{"name":"(anonymous_22)","decl":{"start":{"line":58,"column":18},"end":{"line":58,"column":22}},"loc":{"start":{"line":58,"column":26},"end":{"line":58,"column":78}}},"14":{"name":"(anonymous_23)","decl":{"start":{"line":62,"column":32},"end":{"line":62,"column":35}},"loc":{"start":{"line":62,"column":38},"end":{"line":62,"column":50}}},"15":{"name":"(anonymous_24)","decl":{"start":{"line":64,"column":36},"end":{"line":64,"column":39}},"loc":{"start":{"line":65,"column":4},"end":{"line":65,"column":59}}},"16":{"name":"(anonymous_25)","decl":{"start":{"line":65,"column":17},"end":{"line":65,"column":18}},"loc":{"start":{"line":65,"column":34},"end":{"line":65,"column":55}}},"17":{"name":"(anonymous_26)","decl":{"start":{"line":67,"column":36},"end":{"line":67,"column":39}},"loc":{"start":{"line":68,"column":4},"end":{"line":68,"column":72}}},"18":{"name":"(anonymous_27)","decl":{"start":{"line":68,"column":17},"end":{"line":68,"column":18}},"loc":{"start":{"line":68,"column":34},"end":{"line":68,"column":68}}},"19":{"name":"(anonymous_28)","decl":{"start":{"line":70,"column":41},"end":{"line":70,"column":44}},"loc":{"start":{"line":70,"column":46},"end":{"line":78,"column":3}}},"20":{"name":"(anonymous_29)","decl":{"start":{"line":73,"column":11},"end":{"line":73,"column":15}},"loc":{"start":{"line":73,"column":19},"end":{"line":73,"column":103}}}},"branchMap":{"0":{"loc":{"start":{"line":8,"column":2},"end":{"line":10,"column":3}},"type":"if","locations":[{"start":{"line":8,"column":2},"end":{"line":10,"column":3}},{"start":{},"end":{}}]},"1":{"loc":{"start":{"line":18,"column":13},"end":{"line":18,"column":43}},"type":"cond-expr","locations":[{"start":{"line":18,"column":21},"end":{"line":18,"column":38}},{"start":{"line":18,"column":41},"end":{"line":18,"column":43}}]},"2":{"loc":{"start":{"line":28,"column":51},"end":{"line":28,"column":63}},"type":"default-arg","locations":[{"start":{"line":28,"column":62},"end":{"line":28,"column":63}}]},"3":{"loc":{"start":{"line":31,"column":6},"end":{"line":37,"column":7}},"type":"if","locations":[{"start":{"line":31,"column":6},"end":{"line":37,"column":7}},{"start":{},"end":{}}]},"4":{"loc":{"start":{"line":33,"column":10},"end":{"line":35,"column":18}},"type":"cond-expr","locations":[{"start":{"line":34,"column":14},"end":{"line":34,"column":61}},{"start":{"line":35,"column":14},"end":{"line":35,"column":18}}]},"5":{"loc":{"start":{"line":53,"column":4},"end":{"line":56,"column":5}},"type":"if","locations":[{"start":{"line":53,"column":4},"end":{"line":56,"column":5}},{"start":{},"end":{}}]},"6":{"loc":{"start":{"line":58,"column":26},"end":{"line":58,"column":78}},"type":"cond-expr","locations":[{"start":{"line":58,"column":50},"end":{"line":58,"column":71}},{"start":{"line":58,"column":74},"end":{"line":58,"column":78}}]}},"s":{"0":0,"1":0,"2":0,"3":0,"4":0,"5":0,"6":0,"7":0,"8":0,"9":0,"10":0,"11":0,"12":0,"13":0,"14":0,"15":0,"16":0,"17":0,"18":0,"19":0,"20":0,"21":0,"22":0,"23":0,"24":0,"25":0,"26":0,"27":0,"28":0,"29":0,"30":0,"31":0,"32":0,"33":0,"34":0,"35":0,"36":0,"37":0,"38":0,"39":0,"40":0,"41":0,"42":0,"43":0,"44":0,"45":0,"46":0,"47":0,"48":0,"49":0,"50":0,"51":0},"f":{"0":0,"1":0,"2":0,"3":0,"4":0,"5":0,"6":0,"7":0,"8":0,"9":0,"10":0,"11":0,"12":0,"13":0,"14":0,"15":0,"16":0,"17":0,"18":0,"19":0,"20":0},"b":{"0":[0,0],"1":[0,0],"2":[0],"3":[0,0],"4":[0,0],"5":[0,0],"6":[0,0]}}
,"C:\\ecommerce-fullstack\\frontend\\src\\contexts\\ProductContext.tsx": {"path":"C:\\ecommerce-fullstack\\frontend\\src\\contexts\\ProductContext.tsx","statementMap":{"0":{"start":{"line":1,"column":1},"end":{"line":1,"column":79}},"1":{"start":{"line":2,"column":0},"end":{"line":2,"column":60}},"2":{"start":{"line":4,"column":0},"end":{"line":4,"column":36}},"3":{"start":{"line":15,"column":23},"end":{"line":15,"column":79}},"4":{"start":{"line":17,"column":27},"end":{"line":23,"column":1}},"5":{"start":{"line":18,"column":18},"end":{"line":18,"column":44}},"6":{"start":{"line":19,"column":2},"end":{"line":21,"column":3}},"7":{"start":{"line":20,"column":4},"end":{"line":20,"column":73}},"8":{"start":{"line":22,"column":2},"end":{"line":22,"column":17}},"9":{"start":{"line":17,"column":13},"end":{"line":17,"column":27}},"10":{"start":{"line":29,"column":63},"end":{"line":94,"column":1}},"11":{"start":{"line":30,"column":34},"end":{"line":30,"column":57}},"12":{"start":{"line":31,"column":32},"end":{"line":31,"column":47}},"13":{"start":{"line":33,"column":24},"end":{"line":44,"column":3}},"14":{"start":{"line":34,"column":4},"end":{"line":34,"column":21}},"15":{"start":{"line":35,"column":4},"end":{"line":43,"column":5}},"16":{"start":{"line":36,"column":19},"end":{"line":36,"column":53}},"17":{"start":{"line":37,"column":6},"end":{"line":37,"column":24}},"18":{"start":{"line":39,"column":6},"end":{"line":39,"column":57}},"19":{"start":{"line":40,"column":6},"end":{"line":40,"column":47}},"20":{"start":{"line":42,"column":6},"end":{"line":42,"column":24}},"21":{"start":{"line":46,"column":24},"end":{"line":56,"column":3}},"22":{"start":{"line":47,"column":4},"end":{"line":55,"column":5}},"23":{"start":{"line":48,"column":25},"end":{"line":48,"column":72}},"24":{"start":{"line":49,"column":6},"end":{"line":49,"column":45}},"25":{"start":{"line":50,"column":6},"end":{"line":50,"column":51}},"26":{"start":{"line":52,"column":22},"end":{"line":52,"column":77}},"27":{"start":{"line":53,"column":6},"end":{"line":53,"column":27}},"28":{"start":{"line":54,"column":6},"end":{"line":54,"column":18}},"29":{"start":{"line":58,"column":24},"end":{"line":68,"column":3}},"30":{"start":{"line":59,"column":4},"end":{"line":67,"column":5}},"31":{"start":{"line":60,"column":22},"end":{"line":60,"column":73}},"32":{"start":{"line":61,"column":6},"end":{"line":61,"column":64}},"33":{"start":{"line":61,"column":36},"end":{"line":61,"column":61}},"34":{"start":{"line":62,"column":6},"end":{"line":62,"column":55}},"35":{"start":{"line":64,"column":22},"end":{"line":64,"column":81}},"36":{"start":{"line":65,"column":6},"end":{"line":65,"column":27}},"37":{"start":{"line":66,"column":6},"end":{"line":66,"column":18}},"38":{"start":{"line":70,"column":24},"end":{"line":80,"column":3}},"39":{"start":{"line":71,"column":4},"end":{"line":79,"column":5}},"40":{"start":{"line":72,"column":6},"end":{"line":72,"column":45}},"41":{"start":{"line":73,"column":6},"end":{"line":73,"column":53}},"42":{"start":{"line":73,"column":39},"end":{"line":73,"column":50}},"43":{"start":{"line":74,"column":6},"end":{"line":74,"column":53}},"44":{"start":{"line":76,"column":22},"end":{"line":76,"column":79}},"45":{"start":{"line":77,"column":6},"end":{"line":77,"column":27}},"46":{"start":{"line":78,"column":6},"end":{"line":78,"column":18}},"47":{"start":{"line":82,"column":2},"end":{"line":93,"column":4}},"48":{"start":{"line":29,"column":13},"end":{"line":29,"column":63}}},"fnMap":{"0":{"name":"(anonymous_10)","decl":{"start":{"line":17,"column":27},"end":{"line":17,"column":30}},"loc":{"start":{"line":17,"column":32},"end":{"line":23,"column":1}}},"1":{"name":"(anonymous_11)","decl":{"start":{"line":29,"column":63},"end":{"line":29,"column":64}},"loc":{"start":{"line":29,"column":80},"end":{"line":94,"column":1}}},"2":{"name":"(anonymous_12)","decl":{"start":{"line":33,"column":24},"end":{"line":33,"column":29}},"loc":{"start":{"line":33,"column":35},"end":{"line":44,"column":3}}},"3":{"name":"(anonymous_13)","decl":{"start":{"line":46,"column":24},"end":{"line":46,"column":29}},"loc":{"start":{"line":46,"column":110},"end":{"line":56,"column":3}}},"4":{"name":"(anonymous_14)","decl":{"start":{"line":58,"column":24},"end":{"line":58,"column":29}},"loc":{"start":{"line":58,"column":76},"end":{"line":68,"column":3}}},"5":{"name":"(anonymous_15)","decl":{"start":{"line":61,"column":31},"end":{"line":61,"column":32}},"loc":{"start":{"line":61,"column":36},"end":{"line":61,"column":61}}},"6":{"name":"(anonymous_16)","decl":{"start":{"line":70,"column":24},"end":{"line":70,"column":29}},"loc":{"start":{"line":70,"column":45},"end":{"line":80,"column":3}}},"7":{"name":"(anonymous_17)","decl":{"start":{"line":73,"column":34},"end":{"line":73,"column":35}},"loc":{"start":{"line":73,"column":39},"end":{"line":73,"column":50}}}},"branchMap":{"0":{"loc":{"start":{"line":19,"column":2},"end":{"line":21,"column":3}},"type":"if","locations":[{"start":{"line":19,"column":2},"end":{"line":21,"column":3}},{"start":{},"end":{}}]},"1":{"loc":{"start":{"line":52,"column":22},"end":{"line":52,"column":77}},"type":"binary-expr","locations":[{"start":{"line":52,"column":22},"end":{"line":52,"column":50}},{"start":{"line":52,"column":54},"end":{"line":52,"column":77}}]},"2":{"loc":{"start":{"line":61,"column":36},"end":{"line":61,"column":61}},"type":"cond-expr","locations":[{"start":{"line":61,"column":50},"end":{"line":61,"column":57}},{"start":{"line":61,"column":60},"end":{"line":61,"column":61}}]},"3":{"loc":{"start":{"line":64,"column":22},"end":{"line":64,"column":81}},"type":"binary-expr","locations":[{"start":{"line":64,"column":22},"end":{"line":64,"column":50}},{"start":{"line":64,"column":54},"end":{"line":64,"column":81}}]},"4":{"loc":{"start":{"line":76,"column":22},"end":{"line":76,"column":79}},"type":"binary-expr","locations":[{"start":{"line":76,"column":22},"end":{"line":76,"column":50}},{"start":{"line":76,"column":54},"end":{"line":76,"column":79}}]}},"s":{"0":0,"1":0,"2":0,"3":0,"4":0,"5":0,"6":0,"7":0,"8":0,"9":0,"10":0,"11":0,"12":0,"13":0,"14":0,"15":0,"16":0,"17":0,"18":0,"19":0,"20":0,"21":0,"22":0,"23":0,"24":0,"25":0,"26":0,"27":0,"28":0,"29":0,"30":0,"31":0,"32":0,"33":0,"34":0,"35":0,"36":0,"37":0,"38":0,"39":0,"40":0,"41":0,"42":0,"43":0,"44":0,"45":0,"46":0,"47":0,"48":0},"f":{"0":0,"1":0,"2":0,"3":0,"4":0,"5":0,"6":0,"7":0},"b":{"0":[0,0],"1":[0,0],"2":[0,0],"3":[0,0],"4":[0,0]}}
,"C:\\ecommerce-fullstack\\frontend\\src\\services\\api.ts": {"path":"C:\\ecommerce-fullstack\\frontend\\src\\services\\api.ts","statementMap":{"0":{"start":{"line":1,"column":1},"end":{"line":1,"column":74}},"1":{"start":{"line":2,"column":0},"end":{"line":2,"column":43}},"2":{"start":{"line":4,"column":27},"end":{"line":9,"column":2}},"3":{"start":{"line":11,"column":0},"end":{"line":22,"column":2}},"4":{"start":{"line":13,"column":18},"end":{"line":13,"column":36}},"5":{"start":{"line":14,"column":4},"end":{"line":16,"column":5}},"6":{"start":{"line":15,"column":6},"end":{"line":15,"column":55}},"7":{"start":{"line":17,"column":4},"end":{"line":17,"column":18}},"8":{"start":{"line":20,"column":4},"end":{"line":20,"column":33}},"9":{"start":{"line":24,"column":0},"end":{"line":33,"column":2}},"10":{"start":{"line":25,"column":16},"end":{"line":25,"column":24}},"11":{"start":{"line":27,"column":4},"end":{"line":30,"column":5}},"12":{"start":{"line":28,"column":6},"end":{"line":28,"column":25}},"13":{"start":{"line":29,"column":6},"end":{"line":29,"column":38}},"14":{"start":{"line":31,"column":4},"end":{"line":31,"column":33}},"15":{"start":{"line":35,"column":0},"end":{"line":35,"column":19}}},"fnMap":{"0":{"name":"(anonymous_1)","decl":{"start":{"line":12,"column":2},"end":{"line":12,"column":3}},"loc":{"start":{"line":12,"column":41},"end":{"line":18,"column":3}}},"1":{"name":"(anonymous_2)","decl":{"start":{"line":19,"column":2},"end":{"line":19,"column":3}},"loc":{"start":{"line":19,"column":12},"end":{"line":21,"column":3}}},"2":{"name":"(anonymous_3)","decl":{"start":{"line":25,"column":2},"end":{"line":25,"column":3}},"loc":{"start":{"line":25,"column":16},"end":{"line":25,"column":24}}},"3":{"name":"(anonymous_4)","decl":{"start":{"line":26,"column":2},"end":{"line":26,"column":3}},"loc":{"start":{"line":26,"column":12},"end":{"line":32,"column":3}}}},"branchMap":{"0":{"loc":{"start":{"line":5,"column":11},"end":{"line":5,"column":70}},"type":"binary-expr","locations":[{"start":{"line":5,"column":11},"end":{"line":5,"column":39}},{"start":{"line":5,"column":43},"end":{"line":5,"column":70}}]},"1":{"loc":{"start":{"line":14,"column":4},"end":{"line":16,"column":5}},"type":"if","locations":[{"start":{"line":14,"column":4},"end":{"line":16,"column":5}},{"start":{},"end":{}}]},"2":{"loc":{"start":{"line":14,"column":8},"end":{"line":14,"column":31}},"type":"binary-expr","locations":[{"start":{"line":14,"column":8},"end":{"line":14,"column":13}},{"start":{"line":14,"column":17},"end":{"line":14,"column":31}}]},"3":{"loc":{"start":{"line":27,"column":4},"end":{"line":30,"column":5}},"type":"if","locations":[{"start":{"line":27,"column":4},"end":{"line":30,"column":5}},{"start":{},"end":{}}]}},"s":{"0":0,"1":0,"2":0,"3":0,"4":0,"5":0,"6":0,"7":0,"8":0,"9":0,"10":0,"11":0,"12":0,"13":0,"14":0,"15":0},"f":{"0":0,"1":0,"2":0,"3":0},"b":{"0":[0,0],"1":[0,0],"2":[0,0],"3":[0,0]}}
,"C:\\ecommerce-fullstack\\frontend\\src\\services\\authService.ts": {"path":"C:\\ecommerce-fullstack\\frontend\\src\\services\\authService.ts","statementMap":{"0":{"start":{"line":1,"column":1},"end":{"line":1,"column":25}},"1":{"start":{"line":3,"column":0},"end":{"line":3,"column":43}},"2":{"start":{"line":5,"column":13},"end":{"line":43,"column":2}},"3":{"start":{"line":7,"column":21},"end":{"line":7,"column":35}},"4":{"start":{"line":8,"column":4},"end":{"line":8,"column":54}},"5":{"start":{"line":9,"column":4},"end":{"line":9,"column":54}},"6":{"start":{"line":11,"column":21},"end":{"line":15,"column":6}},"7":{"start":{"line":17,"column":4},"end":{"line":19,"column":5}},"8":{"start":{"line":18,"column":6},"end":{"line":18,"column":51}},"9":{"start":{"line":21,"column":4},"end":{"line":21,"column":25}},"10":{"start":{"line":25,"column":21},"end":{"line":25,"column":58}},"11":{"start":{"line":26,"column":4},"end":{"line":26,"column":25}},"12":{"start":{"line":30,"column":21},"end":{"line":30,"column":47}},"13":{"start":{"line":31,"column":17},"end":{"line":31,"column":30}},"14":{"start":{"line":32,"column":4},"end":{"line":32,"column":26}},"15":{"start":{"line":33,"column":4},"end":{"line":33,"column":16}},"16":{"start":{"line":37,"column":4},"end":{"line":37,"column":23}},"17":{"start":{"line":41,"column":4},"end":{"line":41,"column":32}}},"fnMap":{"0":{"name":"(anonymous_1)","decl":{"start":{"line":6,"column":2},"end":{"line":6,"column":7}},"loc":{"start":{"line":6,"column":43},"end":{"line":22,"column":3}}},"1":{"name":"(anonymous_2)","decl":{"start":{"line":24,"column":2},"end":{"line":24,"column":7}},"loc":{"start":{"line":24,"column":39},"end":{"line":27,"column":3}}},"2":{"name":"(anonymous_3)","decl":{"start":{"line":29,"column":2},"end":{"line":29,"column":7}},"loc":{"start":{"line":29,"column":22},"end":{"line":34,"column":3}}},"3":{"name":"(anonymous_4)","decl":{"start":{"line":36,"column":2},"end":{"line":36,"column":8}},"loc":{"start":{"line":36,"column":8},"end":{"line":38,"column":3}}},"4":{"name":"(anonymous_5)","decl":{"start":{"line":40,"column":2},"end":{"line":40,"column":17}},"loc":{"start":{"line":40,"column":17},"end":{"line":42,"column":3}}}},"branchMap":{"0":{"loc":{"start":{"line":17,"column":4},"end":{"line":19,"column":5}},"type":"if","locations":[{"start":{"line":17,"column":4},"end":{"line":19,"column":5}},{"start":{},"end":{}}]}},"s":{"0":0,"1":0,"2":0,"3":0,"4":0,"5":0,"6":0,"7":0,"8":0,"9":0,"10":0,"11":0,"12":0,"13":0,"14":0,"15":0,"16":0,"17":0},"f":{"0":0,"1":0,"2":0,"3":0,"4":0},"b":{"0":[0,0]}}
,"C:\\ecommerce-fullstack\\frontend\\src\\services\\productService.ts": {"path":"C:\\ecommerce-fullstack\\frontend\\src\\services\\productService.ts","statementMap":{"0":{"start":{"line":1,"column":1},"end":{"line":1,"column":25}},"1":{"start":{"line":4,"column":13},"end":{"line":28,"column":2}},"2":{"start":{"line":6,"column":21},"end":{"line":6,"column":60}},"3":{"start":{"line":7,"column":4},"end":{"line":7,"column":25}},"4":{"start":{"line":11,"column":21},"end":{"line":11,"column":53}},"5":{"start":{"line":12,"column":4},"end":{"line":12,"column":25}},"6":{"start":{"line":16,"column":21},"end":{"line":16,"column":58}},"7":{"start":{"line":17,"column":4},"end":{"line":17,"column":25}},"8":{"start":{"line":21,"column":21},"end":{"line":21,"column":62}},"9":{"start":{"line":22,"column":4},"end":{"line":22,"column":25}},"10":{"start":{"line":26,"column":4},"end":{"line":26,"column":40}}},"fnMap":{"0":{"name":"(anonymous_1)","decl":{"start":{"line":5,"column":2},"end":{"line":5,"column":7}},"loc":{"start":{"line":5,"column":81},"end":{"line":8,"column":3}}},"1":{"name":"(anonymous_2)","decl":{"start":{"line":10,"column":2},"end":{"line":10,"column":7}},"loc":{"start":{"line":10,"column":29},"end":{"line":13,"column":3}}},"2":{"name":"(anonymous_3)","decl":{"start":{"line":15,"column":2},"end":{"line":15,"column":7}},"loc":{"start":{"line":15,"column":93},"end":{"line":18,"column":3}}},"3":{"name":"(anonymous_4)","decl":{"start":{"line":20,"column":2},"end":{"line":20,"column":7}},"loc":{"start":{"line":20,"column":59},"end":{"line":23,"column":3}}},"4":{"name":"(anonymous_5)","decl":{"start":{"line":25,"column":2},"end":{"line":25,"column":7}},"loc":{"start":{"line":25,"column":32},"end":{"line":27,"column":3}}}},"branchMap":{},"s":{"0":0,"1":0,"2":0,"3":0,"4":0,"5":0,"6":0,"7":0,"8":0,"9":0,"10":0},"f":{"0":0,"1":0,"2":0,"3":0,"4":0},"b":{}}
,"C:\\ecommerce-fullstack\\frontend\\src\\utils\\storage.tsx": {"path":"C:\\ecommerce-fullstack\\frontend\\src\\utils\\storage.tsx","statementMap":{"0":{"start":{"line":1,"column":13},"end":{"line":30,"column":2}},"1":{"start":{"line":3,"column":4},"end":{"line":3,"column":48}},"2":{"start":{"line":7,"column":4},"end":{"line":7,"column":48}},"3":{"start":{"line":11,"column":4},"end":{"line":11,"column":44}},"4":{"start":{"line":15,"column":20},"end":{"line":15,"column":48}},"5":{"start":{"line":16,"column":4},"end":{"line":16,"column":48}},"6":{"start":{"line":20,"column":4},"end":{"line":20,"column":55}},"7":{"start":{"line":24,"column":4},"end":{"line":24,"column":36}},"8":{"start":{"line":28,"column":4},"end":{"line":28,"column":25}}},"fnMap":{"0":{"name":"(anonymous_0)","decl":{"start":{"line":2,"column":12},"end":{"line":2,"column":30}},"loc":{"start":{"line":2,"column":32},"end":{"line":4,"column":3}}},"1":{"name":"(anonymous_1)","decl":{"start":{"line":6,"column":12},"end":{"line":6,"column":13}},"loc":{"start":{"line":6,"column":36},"end":{"line":8,"column":3}}},"2":{"name":"(anonymous_2)","decl":{"start":{"line":10,"column":15},"end":{"line":10,"column":24}},"loc":{"start":{"line":10,"column":26},"end":{"line":12,"column":3}}},"3":{"name":"(anonymous_3)","decl":{"start":{"line":14,"column":11},"end":{"line":14,"column":19}},"loc":{"start":{"line":14,"column":21},"end":{"line":17,"column":3}}},"4":{"name":"(anonymous_4)","decl":{"start":{"line":19,"column":11},"end":{"line":19,"column":12}},"loc":{"start":{"line":19,"column":31},"end":{"line":21,"column":3}}},"5":{"name":"(anonymous_5)","decl":{"start":{"line":23,"column":14},"end":{"line":23,"column":23}},"loc":{"start":{"line":23,"column":25},"end":{"line":25,"column":3}}},"6":{"name":"(anonymous_6)","decl":{"start":{"line":27,"column":12},"end":{"line":27,"column":21}},"loc":{"start":{"line":27,"column":23},"end":{"line":29,"column":3}}}},"branchMap":{"0":{"loc":{"start":{"line":16,"column":11},"end":{"line":16,"column":47}},"type":"cond-expr","locations":[{"start":{"line":16,"column":21},"end":{"line":16,"column":40}},{"start":{"line":16,"column":43},"end":{"line":16,"column":47}}]}},"s":{"0":0,"1":0,"2":0,"3":0,"4":0,"5":0,"6":0,"7":0,"8":0},"f":{"0":0,"1":0,"2":0,"3":0,"4":0,"5":0,"6":0},"b":{"0":[0,0]}}
}
